<?xml version="1.0" encoding="UTF-8" standalone="yes"?>
<testsuites name="list_dashboard" time="587" tests="0" failures="2" errors="0">
    <testsuite name="list_dashboard" tests="0" failures="2" errors="0" time="587" timestamp="2019-07-19 13:03:23" hostname="\uFFFD\u03E5\u03AA\uFFFD - DESKTOP-P450BIH" id="Test Suites/list_dashboard">
        <properties>
[...]
</properties>
        <testcase name="Test Cases/ARMORConfiguration" classname="Test Cases/ARMORConfiguration" status="FAILED">
            <failure type="FAILED" message="Test Cases/ARMORConfiguration FAILED.&#xA;Reason:&#xA;com.kms.katalon.core.exception.StepFailedException: Unable to click on object 'Object Repository/ARMORConfiguration/Page_ARMOR/a_Configuration'&#xD;&#xA;&#x9;at com.kms.katalon.core.webui.keyword.internal.WebUIKeywordMain.stepFailed(WebUIKeywordMain.groovy:64)&#xD;&#xA;&#x9;at com.kms.katalon.core.webui.keyword.internal.WebUIKeywordMain.runKeyword(WebUIKeywordMain.groovy:26)&#xD;&#xA;&#x9;at com.kms.katalon.core.webui.keyword.builtin.ClickKeyword.click(ClickKeyword.groovy:86)&#xD;&#xA;&#x9;at com.kms.katalon.core.webui.keyword.builtin.ClickKeyword.execute(ClickKeyword.groovy:67)&#xD;&#xA;&#x9;at com.kms.katalon.core.keyword.internal.KeywordExecutor.executeKeywordForPlatform(KeywordExecutor.groovy:56)&#xD;&#xA;&#x9;at com.kms.katalon.core.webui.keyword.WebUiBuiltInKeywords.click(WebUiBuiltInKeywords.groovy:616)&#xD;&#xA;&#x9;at com.kms.katalon.core.webui.keyword.WebUiBuiltInKeywords$click$11.call(Unknown Source)&#xD;&#xA;&#x9;at ARMORConfiguration.smartWaitClickableAndClick(ARMORConfiguration:509)&#xD;&#xA;&#x9;at Script1562811792162$smartWaitClickableAndClick.callCurrent(Unknown Source)&#xD;&#xA;&#x9;at ARMORConfiguration.run(ARMORConfiguration:61)&#xD;&#xA;&#x9;at com.kms.katalon.core.main.ScriptEngine.run(ScriptEngine.java:194)&#xD;&#xA;&#x9;at com.kms.katalon.core.main.ScriptEngine.runScriptAsRawText(ScriptEngine.java:119)&#xD;&#xA;&#x9;at com.kms.katalon.core.main.TestCaseExecutor.runScript(TestCaseExecutor.java:337)&#xD;&#xA;&#x9;at com.kms.katalon.core.main.TestCaseExecutor.doExecute(TestCaseExecutor.java:328)&#xD;&#xA;&#x9;at com.kms.katalon.core.main.TestCaseExecutor.processExecutionPhase(TestCaseExecutor.java:307)&#xD;&#xA;&#x9;at com.kms.katalon.core.main.TestCaseExecutor.accessMainPhase(TestCaseExecutor.java:299)&#xD;&#xA;&#x9;at com.kms.katalon.core.main.TestCaseExecutor.execute(TestCaseExecutor.java:233)&#xD;&#xA;&#x9;at com.kms.katalon.core.main.TestSuiteExecutor.accessTestCaseMainPhase(TestSuiteExecutor.java:133)&#xD;&#xA;&#x9;at com.kms.katalon.core.main.TestSuiteExecutor.accessTestSuiteMainPhase(TestSuiteExecutor.java:116)&#xD;&#xA;&#x9;at com.kms.katalon.core.main.TestSuiteExecutor.execute(TestSuiteExecutor.java:83)&#xD;&#xA;&#x9;at com.kms.katalon.core.main.TestCaseMain.startTestSuite(TestCaseMain.java:157)&#xD;&#xA;&#x9;at com.kms.katalon.core.main.TestCaseMain$startTestSuite$0.call(Unknown Source)&#xD;&#xA;&#x9;at TempTestSuite1563512592090.run(TempTestSuite1563512592090.groovy:35)&#xD;&#xA;Caused by: org.openqa.selenium.ElementClickInterceptedException: element click intercepted: Element &lt;a class=&quot;dropdown-toggle&quot; data-toggle=&quot;dropdown&quot; href=&quot;#&quot; aria-expanded=&quot;false&quot;&gt;...&lt;/a&gt; is not clickable at point (1835, 27). Other element would receive the click: &lt;div class=&quot;modal-backdrop fade&quot;&gt;&lt;/div&gt;&#xA;  (Session info: chrome=75.0.3770.142)&#xA;  (Driver info: chromedriver=74.0.3729.6 (255758eccf3d244491b8a1317aa76e1ce10d57e9-refs/branch-heads/3729@{#29}),platform=Windows NT 10.0.17763 x86_64) (WARNING: The server did not provide any stacktrace information)&#xA;Command duration or timeout: 0 milliseconds&#xA;Build info: version: '3.141.59', revision: 'e82be7d358', time: '2018-11-14T08:25:53'&#xA;System info: host: 'DESKTOP-P450BIH', ip: '169.254.89.171', os.name: 'Windows 10', os.arch: 'amd64', os.version: '10.0', java.version: '1.8.0_181'&#xA;Driver info: com.kms.katalon.selenium.driver.CChromeDriver&#xA;Capabilities {acceptInsecureCerts: false, acceptSslCerts: false, applicationCacheEnabled: false, browserConnectionEnabled: false, browserName: chrome, chrome: {chromedriverVersion: 74.0.3729.6 (255758eccf3d24..., userDataDir: C:\Users\使用者\AppData\Local\...}, cssSelectorsEnabled: true, databaseEnabled: false, goog:chromeOptions: {debuggerAddress: localhost:63853}, handlesAlerts: true, hasTouchScreen: false, javascriptEnabled: true, locationContextEnabled: true, mobileEmulationEnabled: false, nativeEvents: true, networkConnectionEnabled: false, pageLoadStrategy: normal, platform: XP, platformName: XP, proxy: Proxy(), rotatable: false, setWindowRect: true, strictFileInteractability: false, takesHeapSnapshot: true, takesScreenshot: true, timeouts: {implicit: 0, pageLoad: 300000, script: 30000}, unexpectedAlertBehaviour: ignore, unhandledPromptBehavior: ignore, version: 75.0.3770.142, webStorageEnabled: true}&#xA;Session ID: 11382e8801d9907cf335309fa4162933&#xD;&#xA;&#x9;at org.openqa.selenium.remote.ErrorHandler.createThrowable(ErrorHandler.java:214)&#xD;&#xA;&#x9;at org.openqa.selenium.remote.ErrorHandler.throwIfResponseFailed(ErrorHandler.java:166)&#xD;&#xA;&#x9;at org.openqa.selenium.remote.http.JsonHttpResponseCodec.reconstructValue(JsonHttpResponseCodec.java:40)&#xD;&#xA;&#x9;at org.openqa.selenium.remote.http.AbstractHttpResponseCodec.decode(AbstractHttpResponseCodec.java:80)&#xD;&#xA;&#x9;at org.openqa.selenium.remote.http.AbstractHttpResponseCodec.decode(AbstractHttpResponseCodec.java:44)&#xD;&#xA;&#x9;at org.openqa.selenium.remote.HttpCommandExecutor.execute(HttpCommandExecutor.java:158)&#xD;&#xA;&#x9;at org.openqa.selenium.remote.service.DriverCommandExecutor.execute(DriverCommandExecutor.java:83)&#xD;&#xA;&#x9;at org.openqa.selenium.remote.RemoteWebDriver.execute(RemoteWebDriver.java:552)&#xD;&#xA;&#x9;at com.kms.katalon.selenium.driver.CChromeDriver.execute(CChromeDriver.java:20)&#xD;&#xA;&#x9;at org.openqa.selenium.remote.RemoteWebElement.execute(RemoteWebElement.java:285)&#xD;&#xA;&#x9;at org.openqa.selenium.remote.RemoteWebElement.click(RemoteWebElement.java:84)&#xD;&#xA;&#x9;at com.kms.katalon.core.webui.keyword.builtin.ClickKeyword$_click_closure1.doCall(ClickKeyword.groovy:79)&#xD;&#xA;&#x9;at com.kms.katalon.core.webui.keyword.builtin.ClickKeyword$_click_closure1.call(ClickKeyword.groovy)&#xD;&#xA;&#x9;at com.kms.katalon.core.webui.keyword.internal.WebUIKeywordMain.runKeyword(WebUIKeywordMain.groovy:20)&#xD;&#xA;&#x9;... 21 more&#xD;&#xA;"/>
            <system-out>2019-07-19 13:03:23 - [TEST_CASE][FAILED] - Test Cases/ARMORConfiguration: Test Cases/ARMORConfiguration FAILED.
Reason:
com.kms.katalon.core.exception.StepFailedException: Unable to click on object 'Object Repository/ARMORConfiguration/Page_ARMOR/a_Configuration'&#xD;
	at com.kms.katalon.core.webui.keyword.internal.WebUIKeywordMain.stepFailed(WebUIKeywordMain.groovy:64)&#xD;
	at com.kms.katalon.core.webui.keyword.internal.WebUIKeywordMain.runKeyword(WebUIKeywordMain.groovy:26)&#xD;
	at com.kms.katalon.core.webui.keyword.builtin.ClickKeyword.click(ClickKeyword.groovy:86)&#xD;
	at com.kms.katalon.core.webui.keyword.builtin.ClickKeyword.execute(ClickKeyword.groovy:67)&#xD;
	at com.kms.katalon.core.keyword.internal.KeywordExecutor.executeKeywordForPlatform(KeywordExecutor.groovy:56)&#xD;
	at com.kms.katalon.core.webui.keyword.WebUiBuiltInKeywords.click(WebUiBuiltInKeywords.groovy:616)&#xD;
	at com.kms.katalon.core.webui.keyword.WebUiBuiltInKeywords$click$11.call(Unknown Source)&#xD;
	at ARMORConfiguration.smartWaitClickableAndClick(ARMORConfiguration:509)&#xD;
	at Script1562811792162$smartWaitClickableAndClick.callCurrent(Unknown Source)&#xD;
	at ARMORConfiguration.run(ARMORConfiguration:61)&#xD;
	at com.kms.katalon.core.main.ScriptEngine.run(ScriptEngine.java:194)&#xD;
	at com.kms.katalon.core.main.ScriptEngine.runScriptAsRawText(ScriptEngine.java:119)&#xD;
	at com.kms.katalon.core.main.TestCaseExecutor.runScript(TestCaseExecutor.java:337)&#xD;
	at com.kms.katalon.core.main.TestCaseExecutor.doExecute(TestCaseExecutor.java:328)&#xD;
	at com.kms.katalon.core.main.TestCaseExecutor.processExecutionPhase(TestCaseExecutor.java:307)&#xD;
	at com.kms.katalon.core.main.TestCaseExecutor.accessMainPhase(TestCaseExecutor.java:299)&#xD;
	at com.kms.katalon.core.main.TestCaseExecutor.execute(TestCaseExecutor.java:233)&#xD;
	at com.kms.katalon.core.main.TestSuiteExecutor.accessTestCaseMainPhase(TestSuiteExecutor.java:133)&#xD;
	at com.kms.katalon.core.main.TestSuiteExecutor.accessTestSuiteMainPhase(TestSuiteExecutor.java:116)&#xD;
	at com.kms.katalon.core.main.TestSuiteExecutor.execute(TestSuiteExecutor.java:83)&#xD;
	at com.kms.katalon.core.main.TestCaseMain.startTestSuite(TestCaseMain.java:157)&#xD;
	at com.kms.katalon.core.main.TestCaseMain$startTestSuite$0.call(Unknown Source)&#xD;
	at TempTestSuite1563512592090.run(TempTestSuite1563512592090.groovy:35)&#xD;
Caused by: org.openqa.selenium.ElementClickInterceptedException: element click intercepted: Element &lt;a class="dropdown-toggle" data-toggle="dropdown" href="#" aria-expanded="false"&gt;...&lt;/a&gt; is not clickable at point (1835, 27). Other element would receive the click: &lt;div class="modal-backdrop fade"&gt;&lt;/div&gt;
  (Session info: chrome=75.0.3770.142)
  (Driver info: chromedriver=74.0.3729.6 (255758eccf3d244491b8a1317aa76e1ce10d57e9-refs/branch-heads/3729@{#29}),platform=Windows NT 10.0.17763 x86_64) (WARNING: The server did not provide any stacktrace information)
Command duration or timeout: 0 milliseconds
Build info: version: '3.141.59', revision: 'e82be7d358', time: '2018-11-14T08:25:53'
System info: host: 'DESKTOP-P450BIH', ip: '169.254.89.171', os.name: 'Windows 10', os.arch: 'amd64', os.version: '10.0', java.version: '1.8.0_181'
Driver info: com.kms.katalon.selenium.driver.CChromeDriver
Capabilities {acceptInsecureCerts: false, acceptSslCerts: false, applicationCacheEnabled: false, browserConnectionEnabled: false, browserName: chrome, chrome: {chromedriverVersion: 74.0.3729.6 (255758eccf3d24..., userDataDir: C:\Users\使用者\AppData\Local\...}, cssSelectorsEnabled: true, databaseEnabled: false, goog:chromeOptions: {debuggerAddress: localhost:63853}, handlesAlerts: true, hasTouchScreen: false, javascriptEnabled: true, locationContextEnabled: true, mobileEmulationEnabled: false, nativeEvents: true, networkConnectionEnabled: false, pageLoadStrategy: normal, platform: XP, platformName: XP, proxy: Proxy(), rotatable: false, setWindowRect: true, strictFileInteractability: false, takesHeapSnapshot: true, takesScreenshot: true, timeouts: {implicit: 0, pageLoad: 300000, script: 30000}, unexpectedAlertBehaviour: ignore, unhandledPromptBehavior: ignore, version: 75.0.3770.142, webStorageEnabled: true}
Session ID: 11382e8801d9907cf335309fa4162933&#xD;
	at org.openqa.selenium.remote.ErrorHandler.createThrowable(ErrorHandler.java:214)&#xD;
	at org.openqa.selenium.remote.ErrorHandler.throwIfResponseFailed(ErrorHandler.java:166)&#xD;
	at org.openqa.selenium.remote.http.JsonHttpResponseCodec.reconstructValue(JsonHttpResponseCodec.java:40)&#xD;
	at org.openqa.selenium.remote.http.AbstractHttpResponseCodec.decode(AbstractHttpResponseCodec.java:80)&#xD;
	at org.openqa.selenium.remote.http.AbstractHttpResponseCodec.decode(AbstractHttpResponseCodec.java:44)&#xD;
	at org.openqa.selenium.remote.HttpCommandExecutor.execute(HttpCommandExecutor.java:158)&#xD;
	at org.openqa.selenium.remote.service.DriverCommandExecutor.execute(DriverCommandExecutor.java:83)&#xD;
	at org.openqa.selenium.remote.RemoteWebDriver.execute(RemoteWebDriver.java:552)&#xD;
	at com.kms.katalon.selenium.driver.CChromeDriver.execute(CChromeDriver.java:20)&#xD;
	at org.openqa.selenium.remote.RemoteWebElement.execute(RemoteWebElement.java:285)&#xD;
	at org.openqa.selenium.remote.RemoteWebElement.click(RemoteWebElement.java:84)&#xD;
	at com.kms.katalon.core.webui.keyword.builtin.ClickKeyword$_click_closure1.doCall(ClickKeyword.groovy:79)&#xD;
	at com.kms.katalon.core.webui.keyword.builtin.ClickKeyword$_click_closure1.call(ClickKeyword.groovy)&#xD;
	at com.kms.katalon.core.webui.keyword.internal.WebUIKeywordMain.runKeyword(WebUIKeywordMain.groovy:20)&#xD;
	... 21 more&#xD;
&#xD;
&#xD;
2019-07-19 13:03:26 - [TEST_STEP][PASSED] - openBrowser(""): Browser is opened with url: ''&#xD;
&#xD;
2019-07-19 13:03:26 - [MESSAGE][INFO] - Starting 'Chrome' driver&#xD;
&#xD;
2019-07-19 13:03:26 - [MESSAGE][INFO] - Action delay is set to 0 seconds&#xD;
&#xD;
2019-07-19 13:03:38 - [MESSAGE][PASSED] - Browser is opened with url: ''&#xD;
&#xD;
2019-07-19 13:03:38 - [TEST_STEP][PASSED] - maximizeWindow(): Current window maximized&#xD;
&#xD;
2019-07-19 13:03:39 - [MESSAGE][PASSED] - Current window maximized&#xD;
&#xD;
2019-07-19 13:03:39 - [TEST_STEP][PASSED] - navigateToUrl("http://192.168.42.162/en-us/login/"): Navigate to 'http://192.168.42.162/en-us/login/' successfully&#xD;
&#xD;
2019-07-19 13:03:41 - [MESSAGE][PASSED] - Navigate to 'http://192.168.42.162/en-us/login/' successfully&#xD;
&#xD;
2019-07-19 13:03:41 - [TEST_STEP][PASSED] - setText(findTestObject("Object Repository/ARMORConfiguration/Page_ ARMOR/input_Login_username"), "admin"): Text 'admin' is set on object 'Object Repository/ARMORConfiguration/Page_ ARMOR/input_Login_username'&#xD;
&#xD;
2019-07-19 13:03:41 - [MESSAGE][PASSED] - Text 'admin' is set on object 'Object Repository/ARMORConfiguration/Page_ ARMOR/input_Login_username'&#xD;
&#xD;
2019-07-19 13:03:41 - [TEST_STEP][PASSED] - setEncryptedText(findTestObject("Object Repository/ARMORConfiguration/Page_ ARMOR/input_Login_password"), "8SQVv/p9jVScEs4/2CZsLw=="): Text ****** has been set on object 'Object Repository/ARMORConfiguration/Page_ ARMOR/input_Login_password'&#xD;
&#xD;
2019-07-19 13:03:42 - [MESSAGE][PASSED] - Text ****** has been set on object 'Object Repository/ARMORConfiguration/Page_ ARMOR/input_Login_password'&#xD;
&#xD;
2019-07-19 13:03:42 - [TEST_STEP][PASSED] - smartWaitClickableAndClick(findTestObject("Object Repository/ARMORConfiguration/Page_ ARMOR/button_Login"), 20): null&#xD;
&#xD;
2019-07-19 13:03:42 - [TEST_STEP][PASSED] - for ([j = 0, j &lt;= waitTime, (j++)]): null&#xD;
&#xD;
2019-07-19 13:03:42 - [TEST_STEP][PASSED] - if (!(verifyElementClickable(testObject, OPTIONAL) &amp;&amp; verifyElementVisible(testObject, OPTIONAL) &amp;&amp; verifyElementPresent(testObject, 5, OPTIONAL))): Object 'Object Repository/ARMORConfiguration/Page_ ARMOR/button_Login' is present&#xD;
&#xD;
2019-07-19 13:03:42 - [MESSAGE][PASSED] - Object 'Object Repository/ARMORConfiguration/Page_ ARMOR/button_Login' is clickable&#xD;
&#xD;
2019-07-19 13:03:42 - [MESSAGE][PASSED] - Object 'Object Repository/ARMORConfiguration/Page_ ARMOR/button_Login' is visible&#xD;
&#xD;
2019-07-19 13:03:42 - [MESSAGE][PASSED] - Object 'Object Repository/ARMORConfiguration/Page_ ARMOR/button_Login' is present&#xD;
&#xD;
2019-07-19 13:03:42 - [TEST_STEP][PASSED] - else: null&#xD;
&#xD;
2019-07-19 13:03:42 - [TEST_STEP][PASSED] - comment(testObject.toString() + " is ready"): TestObject - 'Object Repository/ARMORConfiguration/Page_ ARMOR/button_Login' is ready&#xD;
&#xD;
2019-07-19 13:03:42 - [MESSAGE][INFO] - TestObject - 'Object Repository/ARMORConfiguration/Page_ ARMOR/button_Login' is ready&#xD;
&#xD;
2019-07-19 13:03:42 - [TEST_STEP][PASSED] - waitForElementPresent(testObject, 20): Object 'Object Repository/ARMORConfiguration/Page_ ARMOR/button_Login' is present&#xD;
&#xD;
2019-07-19 13:03:42 - [MESSAGE][PASSED] - Object 'Object Repository/ARMORConfiguration/Page_ ARMOR/button_Login' is present&#xD;
&#xD;
2019-07-19 13:03:42 - [TEST_STEP][PASSED] - waitForElementVisible(testObject, 20): Object 'Object Repository/ARMORConfiguration/Page_ ARMOR/button_Login' is visible&#xD;
&#xD;
2019-07-19 13:03:42 - [MESSAGE][PASSED] - Object 'Object Repository/ARMORConfiguration/Page_ ARMOR/button_Login' is visible&#xD;
&#xD;
2019-07-19 13:03:42 - [TEST_STEP][PASSED] - waitForElementClickable(testObject, 20): Object 'Object Repository/ARMORConfiguration/Page_ ARMOR/button_Login' is clickable&#xD;
&#xD;
2019-07-19 13:03:42 - [MESSAGE][PASSED] - Object 'Object Repository/ARMORConfiguration/Page_ ARMOR/button_Login' is clickable&#xD;
&#xD;
2019-07-19 13:03:42 - [TEST_STEP][PASSED] - waitForJQueryLoad(10, OPTIONAL): jQuery is ready.&#xD;
&#xD;
2019-07-19 13:03:42 - [MESSAGE][PASSED] - jQuery is ready.&#xD;
&#xD;
2019-07-19 13:03:42 - [TEST_STEP][PASSED] - click(testObject): Object: 'Object Repository/ARMORConfiguration/Page_ ARMOR/button_Login' is clicked on&#xD;
&#xD;
2019-07-19 13:03:56 - [MESSAGE][PASSED] - Object: 'Object Repository/ARMORConfiguration/Page_ ARMOR/button_Login' is clicked on&#xD;
&#xD;
2019-07-19 13:03:56 - [TEST_STEP][PASSED] - break: null&#xD;
&#xD;
2019-07-19 13:03:56 - [TEST_STEP][PASSED] - smartWaitClickableAndClick(findTestObject("Object Repository/ARMORConfiguration/Page_ARMOR/a_Configuration"), 20): null&#xD;
&#xD;
2019-07-19 13:03:56 - [TEST_STEP][PASSED] - for ([j = 0, j &lt;= waitTime, (j++)]): null&#xD;
&#xD;
2019-07-19 13:03:56 - [TEST_STEP][PASSED] - if (!(verifyElementClickable(testObject, OPTIONAL) &amp;&amp; verifyElementVisible(testObject, OPTIONAL) &amp;&amp; verifyElementPresent(testObject, 5, OPTIONAL))): Object 'Object Repository/ARMORConfiguration/Page_ARMOR/a_Configuration' is present&#xD;
&#xD;
2019-07-19 13:03:56 - [MESSAGE][PASSED] - Object 'Object Repository/ARMORConfiguration/Page_ARMOR/a_Configuration' is clickable&#xD;
&#xD;
2019-07-19 13:03:56 - [MESSAGE][PASSED] - Object 'Object Repository/ARMORConfiguration/Page_ARMOR/a_Configuration' is visible&#xD;
&#xD;
2019-07-19 13:03:56 - [MESSAGE][PASSED] - Object 'Object Repository/ARMORConfiguration/Page_ARMOR/a_Configuration' is present&#xD;
&#xD;
2019-07-19 13:03:56 - [TEST_STEP][PASSED] - else: null&#xD;
&#xD;
2019-07-19 13:03:56 - [TEST_STEP][PASSED] - comment(testObject.toString() + " is ready"): TestObject - 'Object Repository/ARMORConfiguration/Page_ARMOR/a_Configuration' is ready&#xD;
&#xD;
2019-07-19 13:03:56 - [MESSAGE][INFO] - TestObject - 'Object Repository/ARMORConfiguration/Page_ARMOR/a_Configuration' is ready&#xD;
&#xD;
2019-07-19 13:03:56 - [TEST_STEP][PASSED] - waitForElementPresent(testObject, 20): Object 'Object Repository/ARMORConfiguration/Page_ARMOR/a_Configuration' is present&#xD;
&#xD;
2019-07-19 13:03:56 - [MESSAGE][PASSED] - Object 'Object Repository/ARMORConfiguration/Page_ARMOR/a_Configuration' is present&#xD;
&#xD;
2019-07-19 13:03:56 - [TEST_STEP][PASSED] - waitForElementVisible(testObject, 20): Object 'Object Repository/ARMORConfiguration/Page_ARMOR/a_Configuration' is visible&#xD;
&#xD;
2019-07-19 13:03:56 - [MESSAGE][PASSED] - Object 'Object Repository/ARMORConfiguration/Page_ARMOR/a_Configuration' is visible&#xD;
&#xD;
2019-07-19 13:03:56 - [TEST_STEP][PASSED] - waitForElementClickable(testObject, 20): Object 'Object Repository/ARMORConfiguration/Page_ARMOR/a_Configuration' is clickable&#xD;
&#xD;
2019-07-19 13:03:56 - [MESSAGE][PASSED] - Object 'Object Repository/ARMORConfiguration/Page_ARMOR/a_Configuration' is clickable&#xD;
&#xD;
2019-07-19 13:03:56 - [TEST_STEP][PASSED] - waitForJQueryLoad(10, OPTIONAL): jQuery is ready.&#xD;
&#xD;
2019-07-19 13:03:57 - [MESSAGE][PASSED] - jQuery is ready.&#xD;
&#xD;
2019-07-19 13:03:57 - [TEST_STEP][PASSED] - click(testObject): Object: 'Object Repository/ARMORConfiguration/Page_ARMOR/a_Configuration' is clicked on&#xD;
&#xD;
2019-07-19 13:03:57 - [MESSAGE][PASSED] - Object: 'Object Repository/ARMORConfiguration/Page_ARMOR/a_Configuration' is clicked on&#xD;
&#xD;
2019-07-19 13:03:57 - [TEST_STEP][PASSED] - break: null&#xD;
&#xD;
2019-07-19 13:03:57 - [TEST_STEP][PASSED] - smartWaitClickableAndClick(findTestObject("Object Repository/ARMORConfiguration/Page_ARMOR/a_Host Server Configurations"), 20): null&#xD;
&#xD;
2019-07-19 13:03:57 - [TEST_STEP][PASSED] - for ([j = 0, j &lt;= waitTime, (j++)]): null&#xD;
&#xD;
2019-07-19 13:03:57 - [TEST_STEP][PASSED] - if (!(verifyElementClickable(testObject, OPTIONAL) &amp;&amp; verifyElementVisible(testObject, OPTIONAL) &amp;&amp; verifyElementPresent(testObject, 5, OPTIONAL))): Object 'Object Repository/ARMORConfiguration/Page_ARMOR/a_Host Server Configurations' is present&#xD;
&#xD;
2019-07-19 13:03:57 - [MESSAGE][PASSED] - Object 'Object Repository/ARMORConfiguration/Page_ARMOR/a_Host Server Configurations' is clickable&#xD;
&#xD;
2019-07-19 13:03:57 - [MESSAGE][PASSED] - Object 'Object Repository/ARMORConfiguration/Page_ARMOR/a_Host Server Configurations' is visible&#xD;
&#xD;
2019-07-19 13:03:57 - [MESSAGE][PASSED] - Object 'Object Repository/ARMORConfiguration/Page_ARMOR/a_Host Server Configurations' is present&#xD;
&#xD;
2019-07-19 13:03:57 - [TEST_STEP][PASSED] - else: null&#xD;
&#xD;
2019-07-19 13:03:57 - [TEST_STEP][PASSED] - comment(testObject.toString() + " is ready"): TestObject - 'Object Repository/ARMORConfiguration/Page_ARMOR/a_Host Server Configurations' is ready&#xD;
&#xD;
2019-07-19 13:03:57 - [MESSAGE][INFO] - TestObject - 'Object Repository/ARMORConfiguration/Page_ARMOR/a_Host Server Configurations' is ready&#xD;
&#xD;
2019-07-19 13:03:57 - [TEST_STEP][PASSED] - waitForElementPresent(testObject, 20): Object 'Object Repository/ARMORConfiguration/Page_ARMOR/a_Host Server Configurations' is present&#xD;
&#xD;
2019-07-19 13:03:57 - [MESSAGE][PASSED] - Object 'Object Repository/ARMORConfiguration/Page_ARMOR/a_Host Server Configurations' is present&#xD;
&#xD;
2019-07-19 13:03:57 - [TEST_STEP][PASSED] - waitForElementVisible(testObject, 20): Object 'Object Repository/ARMORConfiguration/Page_ARMOR/a_Host Server Configurations' is visible&#xD;
&#xD;
2019-07-19 13:03:57 - [MESSAGE][PASSED] - Object 'Object Repository/ARMORConfiguration/Page_ARMOR/a_Host Server Configurations' is visible&#xD;
&#xD;
2019-07-19 13:03:57 - [TEST_STEP][PASSED] - waitForElementClickable(testObject, 20): Object 'Object Repository/ARMORConfiguration/Page_ARMOR/a_Host Server Configurations' is clickable&#xD;
&#xD;
2019-07-19 13:03:57 - [MESSAGE][PASSED] - Object 'Object Repository/ARMORConfiguration/Page_ARMOR/a_Host Server Configurations' is clickable&#xD;
&#xD;
2019-07-19 13:03:57 - [TEST_STEP][PASSED] - waitForJQueryLoad(10, OPTIONAL): jQuery is ready.&#xD;
&#xD;
2019-07-19 13:03:57 - [MESSAGE][PASSED] - jQuery is ready.&#xD;
&#xD;
2019-07-19 13:03:57 - [TEST_STEP][PASSED] - click(testObject): Object: 'Object Repository/ARMORConfiguration/Page_ARMOR/a_Host Server Configurations' is clicked on&#xD;
&#xD;
2019-07-19 13:03:57 - [MESSAGE][PASSED] - Object: 'Object Repository/ARMORConfiguration/Page_ARMOR/a_Host Server Configurations' is clicked on&#xD;
&#xD;
2019-07-19 13:03:57 - [TEST_STEP][PASSED] - break: null&#xD;
&#xD;
2019-07-19 13:03:57 - [TEST_STEP][PASSED] - waitForJQueryLoad(20): jQuery is ready.&#xD;
&#xD;
2019-07-19 13:03:57 - [MESSAGE][PASSED] - jQuery is ready.&#xD;
&#xD;
2019-07-19 13:03:57 - [TEST_STEP][PASSED] - delay(1): Delayed 1 second(s)&#xD;
&#xD;
2019-07-19 13:03:58 - [MESSAGE][PASSED] - Delayed 1 second(s)&#xD;
&#xD;
2019-07-19 13:03:58 - [TEST_STEP][PASSED] - setText(findTestObject("Object Repository/ARMORConfiguration/Page_ARMOR/input_Hostname_hostname"), "armor-computex1"): Text 'armor-computex1' is set on object 'Object Repository/ARMORConfiguration/Page_ARMOR/input_Hostname_hostname'&#xD;
&#xD;
2019-07-19 13:03:59 - [MESSAGE][PASSED] - Text 'armor-computex1' is set on object 'Object Repository/ARMORConfiguration/Page_ARMOR/input_Hostname_hostname'&#xD;
&#xD;
2019-07-19 13:03:59 - [TEST_STEP][PASSED] - smartWaitClickableAndClick(findTestObject("Object Repository/ARMORConfiguration/Page_ARMOR/a_Upload Logo"), 20): null&#xD;
&#xD;
2019-07-19 13:03:59 - [TEST_STEP][PASSED] - for ([j = 0, j &lt;= waitTime, (j++)]): null&#xD;
&#xD;
2019-07-19 13:03:59 - [TEST_STEP][PASSED] - if (!(verifyElementClickable(testObject, OPTIONAL) &amp;&amp; verifyElementVisible(testObject, OPTIONAL) &amp;&amp; verifyElementPresent(testObject, 5, OPTIONAL))): Object 'Object Repository/ARMORConfiguration/Page_ARMOR/a_Upload Logo' is present&#xD;
&#xD;
2019-07-19 13:03:59 - [MESSAGE][PASSED] - Object 'Object Repository/ARMORConfiguration/Page_ARMOR/a_Upload Logo' is clickable&#xD;
&#xD;
2019-07-19 13:03:59 - [MESSAGE][PASSED] - Object 'Object Repository/ARMORConfiguration/Page_ARMOR/a_Upload Logo' is visible&#xD;
&#xD;
2019-07-19 13:03:59 - [MESSAGE][PASSED] - Object 'Object Repository/ARMORConfiguration/Page_ARMOR/a_Upload Logo' is present&#xD;
&#xD;
2019-07-19 13:03:59 - [TEST_STEP][PASSED] - else: null&#xD;
&#xD;
2019-07-19 13:03:59 - [TEST_STEP][PASSED] - comment(testObject.toString() + " is ready"): TestObject - 'Object Repository/ARMORConfiguration/Page_ARMOR/a_Upload Logo' is ready&#xD;
&#xD;
2019-07-19 13:03:59 - [MESSAGE][INFO] - TestObject - 'Object Repository/ARMORConfiguration/Page_ARMOR/a_Upload Logo' is ready&#xD;
&#xD;
2019-07-19 13:03:59 - [TEST_STEP][PASSED] - waitForElementPresent(testObject, 20): Object 'Object Repository/ARMORConfiguration/Page_ARMOR/a_Upload Logo' is present&#xD;
&#xD;
2019-07-19 13:03:59 - [MESSAGE][PASSED] - Object 'Object Repository/ARMORConfiguration/Page_ARMOR/a_Upload Logo' is present&#xD;
&#xD;
2019-07-19 13:03:59 - [TEST_STEP][PASSED] - waitForElementVisible(testObject, 20): Object 'Object Repository/ARMORConfiguration/Page_ARMOR/a_Upload Logo' is visible&#xD;
&#xD;
2019-07-19 13:03:59 - [MESSAGE][PASSED] - Object 'Object Repository/ARMORConfiguration/Page_ARMOR/a_Upload Logo' is visible&#xD;
&#xD;
2019-07-19 13:03:59 - [TEST_STEP][PASSED] - waitForElementClickable(testObject, 20): Object 'Object Repository/ARMORConfiguration/Page_ARMOR/a_Upload Logo' is clickable&#xD;
&#xD;
2019-07-19 13:03:59 - [MESSAGE][PASSED] - Object 'Object Repository/ARMORConfiguration/Page_ARMOR/a_Upload Logo' is clickable&#xD;
&#xD;
2019-07-19 13:03:59 - [TEST_STEP][PASSED] - waitForJQueryLoad(10, OPTIONAL): jQuery is ready.&#xD;
&#xD;
2019-07-19 13:03:59 - [MESSAGE][PASSED] - jQuery is ready.&#xD;
&#xD;
2019-07-19 13:03:59 - [TEST_STEP][PASSED] - click(testObject): Object: 'Object Repository/ARMORConfiguration/Page_ARMOR/a_Upload Logo' is clicked on&#xD;
&#xD;
2019-07-19 13:03:59 - [MESSAGE][PASSED] - Object: 'Object Repository/ARMORConfiguration/Page_ARMOR/a_Upload Logo' is clicked on&#xD;
&#xD;
2019-07-19 13:03:59 - [TEST_STEP][PASSED] - break: null&#xD;
&#xD;
2019-07-19 13:03:59 - [TEST_STEP][PASSED] - waitForJQueryLoad(20): jQuery is ready.&#xD;
&#xD;
2019-07-19 13:03:59 - [MESSAGE][PASSED] - jQuery is ready.&#xD;
&#xD;
2019-07-19 13:03:59 - [TEST_STEP][PASSED] - delay(1): Delayed 1 second(s)&#xD;
&#xD;
2019-07-19 13:04:00 - [MESSAGE][PASSED] - Delayed 1 second(s)&#xD;
&#xD;
2019-07-19 13:04:00 - [TEST_STEP][PASSED] - sendKeys(findTestObject("Object Repository/ARMORConfiguration/HostServer/input_Browse _uploadfp"), "C:\myWork\logo\test.png"): Keys 'C:\myWork\logo\test.png' sent to object: 'Object Repository/ARMORConfiguration/HostServer/input_Browse _uploadfp'&#xD;
&#xD;
2019-07-19 13:04:01 - [MESSAGE][PASSED] - Keys 'C:\myWork\logo\test.png' sent to object: 'Object Repository/ARMORConfiguration/HostServer/input_Browse _uploadfp'&#xD;
&#xD;
2019-07-19 13:04:01 - [TEST_STEP][PASSED] - smartWaitClickableAndClick(findTestObject("Object Repository/ARMORConfiguration/Page_ARMOR/a_Upload"), 20): null&#xD;
&#xD;
2019-07-19 13:04:01 - [TEST_STEP][PASSED] - for ([j = 0, j &lt;= waitTime, (j++)]): null&#xD;
&#xD;
2019-07-19 13:04:01 - [TEST_STEP][PASSED] - if (!(verifyElementClickable(testObject, OPTIONAL) &amp;&amp; verifyElementVisible(testObject, OPTIONAL) &amp;&amp; verifyElementPresent(testObject, 5, OPTIONAL))): Object 'Object Repository/ARMORConfiguration/Page_ARMOR/a_Upload' is present&#xD;
&#xD;
2019-07-19 13:04:01 - [MESSAGE][PASSED] - Object 'Object Repository/ARMORConfiguration/Page_ARMOR/a_Upload' is clickable&#xD;
&#xD;
2019-07-19 13:04:01 - [MESSAGE][PASSED] - Object 'Object Repository/ARMORConfiguration/Page_ARMOR/a_Upload' is visible&#xD;
&#xD;
2019-07-19 13:04:01 - [MESSAGE][PASSED] - Object 'Object Repository/ARMORConfiguration/Page_ARMOR/a_Upload' is present&#xD;
&#xD;
2019-07-19 13:04:01 - [TEST_STEP][PASSED] - else: null&#xD;
&#xD;
2019-07-19 13:04:01 - [TEST_STEP][PASSED] - comment(testObject.toString() + " is ready"): TestObject - 'Object Repository/ARMORConfiguration/Page_ARMOR/a_Upload' is ready&#xD;
&#xD;
2019-07-19 13:04:01 - [MESSAGE][INFO] - TestObject - 'Object Repository/ARMORConfiguration/Page_ARMOR/a_Upload' is ready&#xD;
&#xD;
2019-07-19 13:04:01 - [TEST_STEP][PASSED] - waitForElementPresent(testObject, 20): Object 'Object Repository/ARMORConfiguration/Page_ARMOR/a_Upload' is present&#xD;
&#xD;
2019-07-19 13:04:01 - [MESSAGE][PASSED] - Object 'Object Repository/ARMORConfiguration/Page_ARMOR/a_Upload' is present&#xD;
&#xD;
2019-07-19 13:04:01 - [TEST_STEP][PASSED] - waitForElementVisible(testObject, 20): Object 'Object Repository/ARMORConfiguration/Page_ARMOR/a_Upload' is visible&#xD;
&#xD;
2019-07-19 13:04:01 - [MESSAGE][PASSED] - Object 'Object Repository/ARMORConfiguration/Page_ARMOR/a_Upload' is visible&#xD;
&#xD;
2019-07-19 13:04:01 - [TEST_STEP][PASSED] - waitForElementClickable(testObject, 20): Object 'Object Repository/ARMORConfiguration/Page_ARMOR/a_Upload' is clickable&#xD;
&#xD;
2019-07-19 13:04:02 - [MESSAGE][PASSED] - Object 'Object Repository/ARMORConfiguration/Page_ARMOR/a_Upload' is clickable&#xD;
&#xD;
2019-07-19 13:04:02 - [TEST_STEP][PASSED] - waitForJQueryLoad(10, OPTIONAL): jQuery is ready.&#xD;
&#xD;
2019-07-19 13:04:02 - [MESSAGE][PASSED] - jQuery is ready.&#xD;
&#xD;
2019-07-19 13:04:02 - [TEST_STEP][PASSED] - click(testObject): Object: 'Object Repository/ARMORConfiguration/Page_ARMOR/a_Upload' is clicked on&#xD;
&#xD;
2019-07-19 13:04:02 - [MESSAGE][PASSED] - Object: 'Object Repository/ARMORConfiguration/Page_ARMOR/a_Upload' is clicked on&#xD;
&#xD;
2019-07-19 13:04:02 - [TEST_STEP][PASSED] - break: null&#xD;
&#xD;
2019-07-19 13:04:02 - [TEST_STEP][PASSED] - delay(3): Delayed 3 second(s)&#xD;
&#xD;
2019-07-19 13:04:05 - [MESSAGE][PASSED] - Delayed 3 second(s)&#xD;
&#xD;
2019-07-19 13:04:05 - [TEST_STEP][PASSED] - smartWaitClickableAndClick(findTestObject("Object Repository/ARMORConfiguration/Page_ARMOR/button_Close"), 20): null&#xD;
&#xD;
2019-07-19 13:04:05 - [TEST_STEP][PASSED] - for ([j = 0, j &lt;= waitTime, (j++)]): null&#xD;
&#xD;
2019-07-19 13:04:05 - [TEST_STEP][PASSED] - if (!(verifyElementClickable(testObject, OPTIONAL) &amp;&amp; verifyElementVisible(testObject, OPTIONAL) &amp;&amp; verifyElementPresent(testObject, 5, OPTIONAL))): Object 'Object Repository/ARMORConfiguration/Page_ARMOR/button_Close' is present&#xD;
&#xD;
2019-07-19 13:04:05 - [MESSAGE][PASSED] - Object 'Object Repository/ARMORConfiguration/Page_ARMOR/button_Close' is clickable&#xD;
&#xD;
2019-07-19 13:04:06 - [MESSAGE][PASSED] - Object 'Object Repository/ARMORConfiguration/Page_ARMOR/button_Close' is visible&#xD;
&#xD;
2019-07-19 13:04:06 - [MESSAGE][PASSED] - Object 'Object Repository/ARMORConfiguration/Page_ARMOR/button_Close' is present&#xD;
&#xD;
2019-07-19 13:04:06 - [TEST_STEP][PASSED] - else: null&#xD;
&#xD;
2019-07-19 13:04:06 - [TEST_STEP][PASSED] - comment(testObject.toString() + " is ready"): TestObject - 'Object Repository/ARMORConfiguration/Page_ARMOR/button_Close' is ready&#xD;
&#xD;
2019-07-19 13:04:06 - [MESSAGE][INFO] - TestObject - 'Object Repository/ARMORConfiguration/Page_ARMOR/button_Close' is ready&#xD;
&#xD;
2019-07-19 13:04:06 - [TEST_STEP][PASSED] - waitForElementPresent(testObject, 20): Object 'Object Repository/ARMORConfiguration/Page_ARMOR/button_Close' is present&#xD;
&#xD;
2019-07-19 13:04:06 - [MESSAGE][PASSED] - Object 'Object Repository/ARMORConfiguration/Page_ARMOR/button_Close' is present&#xD;
&#xD;
2019-07-19 13:04:06 - [TEST_STEP][PASSED] - waitForElementVisible(testObject, 20): Object 'Object Repository/ARMORConfiguration/Page_ARMOR/button_Close' is visible&#xD;
&#xD;
2019-07-19 13:04:07 - [MESSAGE][PASSED] - Object 'Object Repository/ARMORConfiguration/Page_ARMOR/button_Close' is visible&#xD;
&#xD;
2019-07-19 13:04:07 - [TEST_STEP][PASSED] - waitForElementClickable(testObject, 20): Object 'Object Repository/ARMORConfiguration/Page_ARMOR/button_Close' is clickable&#xD;
&#xD;
2019-07-19 13:04:07 - [MESSAGE][PASSED] - Object 'Object Repository/ARMORConfiguration/Page_ARMOR/button_Close' is clickable&#xD;
&#xD;
2019-07-19 13:04:07 - [TEST_STEP][PASSED] - waitForJQueryLoad(10, OPTIONAL): jQuery is ready.&#xD;
&#xD;
2019-07-19 13:04:07 - [MESSAGE][PASSED] - jQuery is ready.&#xD;
&#xD;
2019-07-19 13:04:07 - [TEST_STEP][PASSED] - click(testObject): Object: 'Object Repository/ARMORConfiguration/Page_ARMOR/button_Close' is clicked on&#xD;
&#xD;
2019-07-19 13:04:13 - [MESSAGE][PASSED] - Object: 'Object Repository/ARMORConfiguration/Page_ARMOR/button_Close' is clicked on&#xD;
&#xD;
2019-07-19 13:04:13 - [TEST_STEP][PASSED] - break: null&#xD;
&#xD;
2019-07-19 13:04:13 - [TEST_STEP][PASSED] - smartWaitClickableAndClick(findTestObject("Object Repository/ARMORConfiguration/HostServer/close"), 20): null&#xD;
&#xD;
2019-07-19 13:04:13 - [TEST_STEP][PASSED] - for ([j = 0, j &lt;= waitTime, (j++)]): null&#xD;
&#xD;
2019-07-19 13:04:13 - [TEST_STEP][PASSED] - if (!(verifyElementClickable(testObject, OPTIONAL) &amp;&amp; verifyElementVisible(testObject, OPTIONAL) &amp;&amp; verifyElementPresent(testObject, 5, OPTIONAL))): Object 'Object Repository/ARMORConfiguration/HostServer/close' is present&#xD;
&#xD;
2019-07-19 13:04:13 - [MESSAGE][PASSED] - Object 'Object Repository/ARMORConfiguration/HostServer/close' is clickable&#xD;
&#xD;
2019-07-19 13:04:13 - [MESSAGE][PASSED] - Object 'Object Repository/ARMORConfiguration/HostServer/close' is visible&#xD;
&#xD;
2019-07-19 13:04:13 - [MESSAGE][PASSED] - Object 'Object Repository/ARMORConfiguration/HostServer/close' is present&#xD;
&#xD;
2019-07-19 13:04:13 - [TEST_STEP][PASSED] - else: null&#xD;
&#xD;
2019-07-19 13:04:13 - [TEST_STEP][PASSED] - comment(testObject.toString() + " is ready"): TestObject - 'Object Repository/ARMORConfiguration/HostServer/close' is ready&#xD;
&#xD;
2019-07-19 13:04:13 - [MESSAGE][INFO] - TestObject - 'Object Repository/ARMORConfiguration/HostServer/close' is ready&#xD;
&#xD;
2019-07-19 13:04:13 - [TEST_STEP][PASSED] - waitForElementPresent(testObject, 20): Object 'Object Repository/ARMORConfiguration/HostServer/close' is present&#xD;
&#xD;
2019-07-19 13:04:13 - [MESSAGE][PASSED] - Object 'Object Repository/ARMORConfiguration/HostServer/close' is present&#xD;
&#xD;
2019-07-19 13:04:13 - [TEST_STEP][PASSED] - waitForElementVisible(testObject, 20): Object 'Object Repository/ARMORConfiguration/HostServer/close' is visible&#xD;
&#xD;
2019-07-19 13:04:13 - [MESSAGE][PASSED] - Object 'Object Repository/ARMORConfiguration/HostServer/close' is visible&#xD;
&#xD;
2019-07-19 13:04:13 - [TEST_STEP][PASSED] - waitForElementClickable(testObject, 20): Object 'Object Repository/ARMORConfiguration/HostServer/close' is clickable&#xD;
&#xD;
2019-07-19 13:04:13 - [MESSAGE][PASSED] - Object 'Object Repository/ARMORConfiguration/HostServer/close' is clickable&#xD;
&#xD;
2019-07-19 13:04:13 - [TEST_STEP][PASSED] - waitForJQueryLoad(10, OPTIONAL): jQuery is ready.&#xD;
&#xD;
2019-07-19 13:04:14 - [MESSAGE][PASSED] - jQuery is ready.&#xD;
&#xD;
2019-07-19 13:04:14 - [TEST_STEP][PASSED] - click(testObject): Object: 'Object Repository/ARMORConfiguration/HostServer/close' is clicked on&#xD;
&#xD;
2019-07-19 13:04:18 - [MESSAGE][PASSED] - Object: 'Object Repository/ARMORConfiguration/HostServer/close' is clicked on&#xD;
&#xD;
2019-07-19 13:04:18 - [TEST_STEP][PASSED] - break: null&#xD;
&#xD;
2019-07-19 13:04:18 - [TEST_STEP][PASSED] - smartWaitClickableAndClick(findTestObject("Object Repository/ARMORConfiguration/Page_ARMOR/a_Configuration"), 20): null&#xD;
&#xD;
2019-07-19 13:04:18 - [TEST_STEP][FAILED] - for ([j = 0, j &lt;= waitTime, (j++)]): Unable to click on object 'Object Repository/ARMORConfiguration/Page_ARMOR/a_Configuration' (Root cause: com.kms.katalon.core.exception.StepFailedException: Unable to click on object 'Object Repository/ARMORConfiguration/Page_ARMOR/a_Configuration'&#xD;
	at com.kms.katalon.core.webui.keyword.internal.WebUIKeywordMain.stepFailed(WebUIKeywordMain.groovy:64)&#xD;
	at com.kms.katalon.core.webui.keyword.internal.WebUIKeywordMain.runKeyword(WebUIKeywordMain.groovy:26)&#xD;
	at com.kms.katalon.core.webui.keyword.builtin.ClickKeyword.click(ClickKeyword.groovy:86)&#xD;
	at com.kms.katalon.core.webui.keyword.builtin.ClickKeyword.execute(ClickKeyword.groovy:67)&#xD;
	at com.kms.katalon.core.keyword.internal.KeywordExecutor.executeKeywordForPlatform(KeywordExecutor.groovy:56)&#xD;
	at com.kms.katalon.core.webui.keyword.WebUiBuiltInKeywords.click(WebUiBuiltInKeywords.groovy:616)&#xD;
	at com.kms.katalon.core.webui.keyword.WebUiBuiltInKeywords$click$11.call(Unknown Source)&#xD;
	at ARMORConfiguration.smartWaitClickableAndClick(ARMORConfiguration:509)&#xD;
	at Script1562811792162$smartWaitClickableAndClick.callCurrent(Unknown Source)&#xD;
	at ARMORConfiguration.run(ARMORConfiguration:61)&#xD;
	at com.kms.katalon.core.main.ScriptEngine.run(ScriptEngine.java:194)&#xD;
	at com.kms.katalon.core.main.ScriptEngine.runScriptAsRawText(ScriptEngine.java:119)&#xD;
	at com.kms.katalon.core.main.TestCaseExecutor.runScript(TestCaseExecutor.java:337)&#xD;
	at com.kms.katalon.core.main.TestCaseExecutor.doExecute(TestCaseExecutor.java:328)&#xD;
	at com.kms.katalon.core.main.TestCaseExecutor.processExecutionPhase(TestCaseExecutor.java:307)&#xD;
	at com.kms.katalon.core.main.TestCaseExecutor.accessMainPhase(TestCaseExecutor.java:299)&#xD;
	at com.kms.katalon.core.main.TestCaseExecutor.execute(TestCaseExecutor.java:233)&#xD;
	at com.kms.katalon.core.main.TestSuiteExecutor.accessTestCaseMainPhase(TestSuiteExecutor.java:133)&#xD;
	at com.kms.katalon.core.main.TestSuiteExecutor.accessTestSuiteMainPhase(TestSuiteExecutor.java:116)&#xD;
	at com.kms.katalon.core.main.TestSuiteExecutor.execute(TestSuiteExecutor.java:83)&#xD;
	at com.kms.katalon.core.main.TestCaseMain.startTestSuite(TestCaseMain.java:157)&#xD;
	at com.kms.katalon.core.main.TestCaseMain$startTestSuite$0.call(Unknown Source)&#xD;
	at TempTestSuite1563512592090.run(TempTestSuite1563512592090.groovy:35)&#xD;
Caused by: org.openqa.selenium.ElementClickInterceptedException: element click intercepted: Element &lt;a class="dropdown-toggle" data-toggle="dropdown" href="#" aria-expanded="false"&gt;...&lt;/a&gt; is not clickable at point (1835, 27). Other element would receive the click: &lt;div class="modal-backdrop fade"&gt;&lt;/div&gt;
  (Session info: chrome=75.0.3770.142)
  (Driver info: chromedriver=74.0.3729.6 (255758eccf3d244491b8a1317aa76e1ce10d57e9-refs/branch-heads/3729@{#29}),platform=Windows NT 10.0.17763 x86_64) (WARNING: The server did not provide any stacktrace information)
Command duration or timeout: 0 milliseconds
Build info: version: '3.141.59', revision: 'e82be7d358', time: '2018-11-14T08:25:53'
System info: host: 'DESKTOP-P450BIH', ip: '169.254.89.171', os.name: 'Windows 10', os.arch: 'amd64', os.version: '10.0', java.version: '1.8.0_181'
Driver info: com.kms.katalon.selenium.driver.CChromeDriver
Capabilities {acceptInsecureCerts: false, acceptSslCerts: false, applicationCacheEnabled: false, browserConnectionEnabled: false, browserName: chrome, chrome: {chromedriverVersion: 74.0.3729.6 (255758eccf3d24..., userDataDir: C:\Users\使用者\AppData\Local\...}, cssSelectorsEnabled: true, databaseEnabled: false, goog:chromeOptions: {debuggerAddress: localhost:63853}, handlesAlerts: true, hasTouchScreen: false, javascriptEnabled: true, locationContextEnabled: true, mobileEmulationEnabled: false, nativeEvents: true, networkConnectionEnabled: false, pageLoadStrategy: normal, platform: XP, platformName: XP, proxy: Proxy(), rotatable: false, setWindowRect: true, strictFileInteractability: false, takesHeapSnapshot: true, takesScreenshot: true, timeouts: {implicit: 0, pageLoad: 300000, script: 30000}, unexpectedAlertBehaviour: ignore, unhandledPromptBehavior: ignore, version: 75.0.3770.142, webStorageEnabled: true}
Session ID: 11382e8801d9907cf335309fa4162933&#xD;
	at org.openqa.selenium.remote.ErrorHandler.createThrowable(ErrorHandler.java:214)&#xD;
	at org.openqa.selenium.remote.ErrorHandler.throwIfResponseFailed(ErrorHandler.java:166)&#xD;
	at org.openqa.selenium.remote.http.JsonHttpResponseCodec.reconstructValue(JsonHttpResponseCodec.java:40)&#xD;
	at org.openqa.selenium.remote.http.AbstractHttpResponseCodec.decode(AbstractHttpResponseCodec.java:80)&#xD;
	at org.openqa.selenium.remote.http.AbstractHttpResponseCodec.decode(AbstractHttpResponseCodec.java:44)&#xD;
	at org.openqa.selenium.remote.HttpCommandExecutor.execute(HttpCommandExecutor.java:158)&#xD;
	at org.openqa.selenium.remote.service.DriverCommandExecutor.execute(DriverCommandExecutor.java:83)&#xD;
	at org.openqa.selenium.remote.RemoteWebDriver.execute(RemoteWebDriver.java:552)&#xD;
	at com.kms.katalon.selenium.driver.CChromeDriver.execute(CChromeDriver.java:20)&#xD;
	at org.openqa.selenium.remote.RemoteWebElement.execute(RemoteWebElement.java:285)&#xD;
	at org.openqa.selenium.remote.RemoteWebElement.click(RemoteWebElement.java:84)&#xD;
	at com.kms.katalon.core.webui.keyword.builtin.ClickKeyword$_click_closure1.doCall(ClickKeyword.groovy:79)&#xD;
	at com.kms.katalon.core.webui.keyword.builtin.ClickKeyword$_click_closure1.call(ClickKeyword.groovy)&#xD;
	at com.kms.katalon.core.webui.keyword.internal.WebUIKeywordMain.runKeyword(WebUIKeywordMain.groovy:20)&#xD;
	at com.kms.katalon.core.webui.keyword.builtin.ClickKeyword.click(ClickKeyword.groovy:86)&#xD;
	at com.kms.katalon.core.webui.keyword.builtin.ClickKeyword.execute(ClickKeyword.groovy:67)&#xD;
	at com.kms.katalon.core.keyword.internal.KeywordExecutor.executeKeywordForPlatform(KeywordExecutor.groovy:56)&#xD;
	at com.kms.katalon.core.webui.keyword.WebUiBuiltInKeywords.click(WebUiBuiltInKeywords.groovy:616)&#xD;
	at com.kms.katalon.core.webui.keyword.WebUiBuiltInKeywords$click$11.call(Unknown Source)&#xD;
	at Script1562811792162.smartWaitClickableAndClick(Script1562811792162.groovy:509)&#xD;
	at Script1562811792162$smartWaitClickableAndClick.callCurrent(Unknown Source)&#xD;
	at Script1562811792162.run(Script1562811792162.groovy:61)&#xD;
	... 13 more&#xD;
)&#xD;
&#xD;
2019-07-19 13:04:18 - [TEST_STEP][PASSED] - if (!(verifyElementClickable(testObject, OPTIONAL) &amp;&amp; verifyElementVisible(testObject, OPTIONAL) &amp;&amp; verifyElementPresent(testObject, 5, OPTIONAL))): Object 'Object Repository/ARMORConfiguration/Page_ARMOR/a_Configuration' is present&#xD;
&#xD;
2019-07-19 13:04:18 - [MESSAGE][PASSED] - Object 'Object Repository/ARMORConfiguration/Page_ARMOR/a_Configuration' is clickable&#xD;
&#xD;
2019-07-19 13:04:19 - [MESSAGE][PASSED] - Object 'Object Repository/ARMORConfiguration/Page_ARMOR/a_Configuration' is visible&#xD;
&#xD;
2019-07-19 13:04:19 - [MESSAGE][PASSED] - Object 'Object Repository/ARMORConfiguration/Page_ARMOR/a_Configuration' is present&#xD;
&#xD;
2019-07-19 13:04:19 - [TEST_STEP][FAILED] - else: Unable to click on object 'Object Repository/ARMORConfiguration/Page_ARMOR/a_Configuration' (Root cause: com.kms.katalon.core.exception.StepFailedException: Unable to click on object 'Object Repository/ARMORConfiguration/Page_ARMOR/a_Configuration'&#xD;
	at com.kms.katalon.core.webui.keyword.internal.WebUIKeywordMain.stepFailed(WebUIKeywordMain.groovy:64)&#xD;
	at com.kms.katalon.core.webui.keyword.internal.WebUIKeywordMain.runKeyword(WebUIKeywordMain.groovy:26)&#xD;
	at com.kms.katalon.core.webui.keyword.builtin.ClickKeyword.click(ClickKeyword.groovy:86)&#xD;
	at com.kms.katalon.core.webui.keyword.builtin.ClickKeyword.execute(ClickKeyword.groovy:67)&#xD;
	at com.kms.katalon.core.keyword.internal.KeywordExecutor.executeKeywordForPlatform(KeywordExecutor.groovy:56)&#xD;
	at com.kms.katalon.core.webui.keyword.WebUiBuiltInKeywords.click(WebUiBuiltInKeywords.groovy:616)&#xD;
	at com.kms.katalon.core.webui.keyword.WebUiBuiltInKeywords$click$11.call(Unknown Source)&#xD;
	at ARMORConfiguration.smartWaitClickableAndClick(ARMORConfiguration:509)&#xD;
	at Script1562811792162$smartWaitClickableAndClick.callCurrent(Unknown Source)&#xD;
	at ARMORConfiguration.run(ARMORConfiguration:61)&#xD;
	at com.kms.katalon.core.main.ScriptEngine.run(ScriptEngine.java:194)&#xD;
	at com.kms.katalon.core.main.ScriptEngine.runScriptAsRawText(ScriptEngine.java:119)&#xD;
	at com.kms.katalon.core.main.TestCaseExecutor.runScript(TestCaseExecutor.java:337)&#xD;
	at com.kms.katalon.core.main.TestCaseExecutor.doExecute(TestCaseExecutor.java:328)&#xD;
	at com.kms.katalon.core.main.TestCaseExecutor.processExecutionPhase(TestCaseExecutor.java:307)&#xD;
	at com.kms.katalon.core.main.TestCaseExecutor.accessMainPhase(TestCaseExecutor.java:299)&#xD;
	at com.kms.katalon.core.main.TestCaseExecutor.execute(TestCaseExecutor.java:233)&#xD;
	at com.kms.katalon.core.main.TestSuiteExecutor.accessTestCaseMainPhase(TestSuiteExecutor.java:133)&#xD;
	at com.kms.katalon.core.main.TestSuiteExecutor.accessTestSuiteMainPhase(TestSuiteExecutor.java:116)&#xD;
	at com.kms.katalon.core.main.TestSuiteExecutor.execute(TestSuiteExecutor.java:83)&#xD;
	at com.kms.katalon.core.main.TestCaseMain.startTestSuite(TestCaseMain.java:157)&#xD;
	at com.kms.katalon.core.main.TestCaseMain$startTestSuite$0.call(Unknown Source)&#xD;
	at TempTestSuite1563512592090.run(TempTestSuite1563512592090.groovy:35)&#xD;
Caused by: org.openqa.selenium.ElementClickInterceptedException: element click intercepted: Element &lt;a class="dropdown-toggle" data-toggle="dropdown" href="#" aria-expanded="false"&gt;...&lt;/a&gt; is not clickable at point (1835, 27). Other element would receive the click: &lt;div class="modal-backdrop fade"&gt;&lt;/div&gt;
  (Session info: chrome=75.0.3770.142)
  (Driver info: chromedriver=74.0.3729.6 (255758eccf3d244491b8a1317aa76e1ce10d57e9-refs/branch-heads/3729@{#29}),platform=Windows NT 10.0.17763 x86_64) (WARNING: The server did not provide any stacktrace information)
Command duration or timeout: 0 milliseconds
Build info: version: '3.141.59', revision: 'e82be7d358', time: '2018-11-14T08:25:53'
System info: host: 'DESKTOP-P450BIH', ip: '169.254.89.171', os.name: 'Windows 10', os.arch: 'amd64', os.version: '10.0', java.version: '1.8.0_181'
Driver info: com.kms.katalon.selenium.driver.CChromeDriver
Capabilities {acceptInsecureCerts: false, acceptSslCerts: false, applicationCacheEnabled: false, browserConnectionEnabled: false, browserName: chrome, chrome: {chromedriverVersion: 74.0.3729.6 (255758eccf3d24..., userDataDir: C:\Users\使用者\AppData\Local\...}, cssSelectorsEnabled: true, databaseEnabled: false, goog:chromeOptions: {debuggerAddress: localhost:63853}, handlesAlerts: true, hasTouchScreen: false, javascriptEnabled: true, locationContextEnabled: true, mobileEmulationEnabled: false, nativeEvents: true, networkConnectionEnabled: false, pageLoadStrategy: normal, platform: XP, platformName: XP, proxy: Proxy(), rotatable: false, setWindowRect: true, strictFileInteractability: false, takesHeapSnapshot: true, takesScreenshot: true, timeouts: {implicit: 0, pageLoad: 300000, script: 30000}, unexpectedAlertBehaviour: ignore, unhandledPromptBehavior: ignore, version: 75.0.3770.142, webStorageEnabled: true}
Session ID: 11382e8801d9907cf335309fa4162933&#xD;
	at org.openqa.selenium.remote.ErrorHandler.createThrowable(ErrorHandler.java:214)&#xD;
	at org.openqa.selenium.remote.ErrorHandler.throwIfResponseFailed(ErrorHandler.java:166)&#xD;
	at org.openqa.selenium.remote.http.JsonHttpResponseCodec.reconstructValue(JsonHttpResponseCodec.java:40)&#xD;
	at org.openqa.selenium.remote.http.AbstractHttpResponseCodec.decode(AbstractHttpResponseCodec.java:80)&#xD;
	at org.openqa.selenium.remote.http.AbstractHttpResponseCodec.decode(AbstractHttpResponseCodec.java:44)&#xD;
	at org.openqa.selenium.remote.HttpCommandExecutor.execute(HttpCommandExecutor.java:158)&#xD;
	at org.openqa.selenium.remote.service.DriverCommandExecutor.execute(DriverCommandExecutor.java:83)&#xD;
	at org.openqa.selenium.remote.RemoteWebDriver.execute(RemoteWebDriver.java:552)&#xD;
	at com.kms.katalon.selenium.driver.CChromeDriver.execute(CChromeDriver.java:20)&#xD;
	at org.openqa.selenium.remote.RemoteWebElement.execute(RemoteWebElement.java:285)&#xD;
	at org.openqa.selenium.remote.RemoteWebElement.click(RemoteWebElement.java:84)&#xD;
	at com.kms.katalon.core.webui.keyword.builtin.ClickKeyword$_click_closure1.doCall(ClickKeyword.groovy:79)&#xD;
	at com.kms.katalon.core.webui.keyword.builtin.ClickKeyword$_click_closure1.call(ClickKeyword.groovy)&#xD;
	at com.kms.katalon.core.webui.keyword.internal.WebUIKeywordMain.runKeyword(WebUIKeywordMain.groovy:20)&#xD;
	at com.kms.katalon.core.webui.keyword.builtin.ClickKeyword.click(ClickKeyword.groovy:86)&#xD;
	at com.kms.katalon.core.webui.keyword.builtin.ClickKeyword.execute(ClickKeyword.groovy:67)&#xD;
	at com.kms.katalon.core.keyword.internal.KeywordExecutor.executeKeywordForPlatform(KeywordExecutor.groovy:56)&#xD;
	at com.kms.katalon.core.webui.keyword.WebUiBuiltInKeywords.click(WebUiBuiltInKeywords.groovy:616)&#xD;
	at com.kms.katalon.core.webui.keyword.WebUiBuiltInKeywords$click$11.call(Unknown Source)&#xD;
	at Script1562811792162.smartWaitClickableAndClick(Script1562811792162.groovy:509)&#xD;
	at Script1562811792162$smartWaitClickableAndClick.callCurrent(Unknown Source)&#xD;
	at Script1562811792162.run(Script1562811792162.groovy:61)&#xD;
	... 13 more&#xD;
)&#xD;
&#xD;
2019-07-19 13:04:19 - [TEST_STEP][PASSED] - comment(testObject.toString() + " is ready"): TestObject - 'Object Repository/ARMORConfiguration/Page_ARMOR/a_Configuration' is ready&#xD;
&#xD;
2019-07-19 13:04:19 - [MESSAGE][INFO] - TestObject - 'Object Repository/ARMORConfiguration/Page_ARMOR/a_Configuration' is ready&#xD;
&#xD;
2019-07-19 13:04:19 - [TEST_STEP][PASSED] - waitForElementPresent(testObject, 20): Object 'Object Repository/ARMORConfiguration/Page_ARMOR/a_Configuration' is present&#xD;
&#xD;
2019-07-19 13:04:19 - [MESSAGE][PASSED] - Object 'Object Repository/ARMORConfiguration/Page_ARMOR/a_Configuration' is present&#xD;
&#xD;
2019-07-19 13:04:19 - [TEST_STEP][PASSED] - waitForElementVisible(testObject, 20): Object 'Object Repository/ARMORConfiguration/Page_ARMOR/a_Configuration' is visible&#xD;
&#xD;
2019-07-19 13:04:19 - [MESSAGE][PASSED] - Object 'Object Repository/ARMORConfiguration/Page_ARMOR/a_Configuration' is visible&#xD;
&#xD;
2019-07-19 13:04:19 - [TEST_STEP][PASSED] - waitForElementClickable(testObject, 20): Object 'Object Repository/ARMORConfiguration/Page_ARMOR/a_Configuration' is clickable&#xD;
&#xD;
2019-07-19 13:04:19 - [MESSAGE][PASSED] - Object 'Object Repository/ARMORConfiguration/Page_ARMOR/a_Configuration' is clickable&#xD;
&#xD;
2019-07-19 13:04:19 - [TEST_STEP][PASSED] - waitForJQueryLoad(10, OPTIONAL): jQuery is ready.&#xD;
&#xD;
2019-07-19 13:04:19 - [MESSAGE][PASSED] - jQuery is ready.&#xD;
&#xD;
2019-07-19 13:04:19 - [TEST_STEP][FAILED] - click(testObject): Unable to click on object 'Object Repository/ARMORConfiguration/Page_ARMOR/a_Configuration' (Root cause: com.kms.katalon.core.exception.StepFailedException: Unable to click on object 'Object Repository/ARMORConfiguration/Page_ARMOR/a_Configuration'&#xD;
	at com.kms.katalon.core.webui.keyword.internal.WebUIKeywordMain.stepFailed(WebUIKeywordMain.groovy:64)&#xD;
	at com.kms.katalon.core.webui.keyword.internal.WebUIKeywordMain.runKeyword(WebUIKeywordMain.groovy:26)&#xD;
	at com.kms.katalon.core.webui.keyword.builtin.ClickKeyword.click(ClickKeyword.groovy:86)&#xD;
	at com.kms.katalon.core.webui.keyword.builtin.ClickKeyword.execute(ClickKeyword.groovy:67)&#xD;
	at com.kms.katalon.core.keyword.internal.KeywordExecutor.executeKeywordForPlatform(KeywordExecutor.groovy:56)&#xD;
	at com.kms.katalon.core.webui.keyword.WebUiBuiltInKeywords.click(WebUiBuiltInKeywords.groovy:616)&#xD;
	at com.kms.katalon.core.webui.keyword.WebUiBuiltInKeywords$click$11.call(Unknown Source)&#xD;
	at ARMORConfiguration.smartWaitClickableAndClick(ARMORConfiguration:509)&#xD;
	at Script1562811792162$smartWaitClickableAndClick.callCurrent(Unknown Source)&#xD;
	at ARMORConfiguration.run(ARMORConfiguration:61)&#xD;
	at com.kms.katalon.core.main.ScriptEngine.run(ScriptEngine.java:194)&#xD;
	at com.kms.katalon.core.main.ScriptEngine.runScriptAsRawText(ScriptEngine.java:119)&#xD;
	at com.kms.katalon.core.main.TestCaseExecutor.runScript(TestCaseExecutor.java:337)&#xD;
	at com.kms.katalon.core.main.TestCaseExecutor.doExecute(TestCaseExecutor.java:328)&#xD;
	at com.kms.katalon.core.main.TestCaseExecutor.processExecutionPhase(TestCaseExecutor.java:307)&#xD;
	at com.kms.katalon.core.main.TestCaseExecutor.accessMainPhase(TestCaseExecutor.java:299)&#xD;
	at com.kms.katalon.core.main.TestCaseExecutor.execute(TestCaseExecutor.java:233)&#xD;
	at com.kms.katalon.core.main.TestSuiteExecutor.accessTestCaseMainPhase(TestSuiteExecutor.java:133)&#xD;
	at com.kms.katalon.core.main.TestSuiteExecutor.accessTestSuiteMainPhase(TestSuiteExecutor.java:116)&#xD;
	at com.kms.katalon.core.main.TestSuiteExecutor.execute(TestSuiteExecutor.java:83)&#xD;
	at com.kms.katalon.core.main.TestCaseMain.startTestSuite(TestCaseMain.java:157)&#xD;
	at com.kms.katalon.core.main.TestCaseMain$startTestSuite$0.call(Unknown Source)&#xD;
	at TempTestSuite1563512592090.run(TempTestSuite1563512592090.groovy:35)&#xD;
Caused by: org.openqa.selenium.ElementClickInterceptedException: element click intercepted: Element &lt;a class="dropdown-toggle" data-toggle="dropdown" href="#" aria-expanded="false"&gt;...&lt;/a&gt; is not clickable at point (1835, 27). Other element would receive the click: &lt;div class="modal-backdrop fade"&gt;&lt;/div&gt;
  (Session info: chrome=75.0.3770.142)
  (Driver info: chromedriver=74.0.3729.6 (255758eccf3d244491b8a1317aa76e1ce10d57e9-refs/branch-heads/3729@{#29}),platform=Windows NT 10.0.17763 x86_64) (WARNING: The server did not provide any stacktrace information)
Command duration or timeout: 0 milliseconds
Build info: version: '3.141.59', revision: 'e82be7d358', time: '2018-11-14T08:25:53'
System info: host: 'DESKTOP-P450BIH', ip: '169.254.89.171', os.name: 'Windows 10', os.arch: 'amd64', os.version: '10.0', java.version: '1.8.0_181'
Driver info: com.kms.katalon.selenium.driver.CChromeDriver
Capabilities {acceptInsecureCerts: false, acceptSslCerts: false, applicationCacheEnabled: false, browserConnectionEnabled: false, browserName: chrome, chrome: {chromedriverVersion: 74.0.3729.6 (255758eccf3d24..., userDataDir: C:\Users\使用者\AppData\Local\...}, cssSelectorsEnabled: true, databaseEnabled: false, goog:chromeOptions: {debuggerAddress: localhost:63853}, handlesAlerts: true, hasTouchScreen: false, javascriptEnabled: true, locationContextEnabled: true, mobileEmulationEnabled: false, nativeEvents: true, networkConnectionEnabled: false, pageLoadStrategy: normal, platform: XP, platformName: XP, proxy: Proxy(), rotatable: false, setWindowRect: true, strictFileInteractability: false, takesHeapSnapshot: true, takesScreenshot: true, timeouts: {implicit: 0, pageLoad: 300000, script: 30000}, unexpectedAlertBehaviour: ignore, unhandledPromptBehavior: ignore, version: 75.0.3770.142, webStorageEnabled: true}
Session ID: 11382e8801d9907cf335309fa4162933&#xD;
	at org.openqa.selenium.remote.ErrorHandler.createThrowable(ErrorHandler.java:214)&#xD;
	at org.openqa.selenium.remote.ErrorHandler.throwIfResponseFailed(ErrorHandler.java:166)&#xD;
	at org.openqa.selenium.remote.http.JsonHttpResponseCodec.reconstructValue(JsonHttpResponseCodec.java:40)&#xD;
	at org.openqa.selenium.remote.http.AbstractHttpResponseCodec.decode(AbstractHttpResponseCodec.java:80)&#xD;
	at org.openqa.selenium.remote.http.AbstractHttpResponseCodec.decode(AbstractHttpResponseCodec.java:44)&#xD;
	at org.openqa.selenium.remote.HttpCommandExecutor.execute(HttpCommandExecutor.java:158)&#xD;
	at org.openqa.selenium.remote.service.DriverCommandExecutor.execute(DriverCommandExecutor.java:83)&#xD;
	at org.openqa.selenium.remote.RemoteWebDriver.execute(RemoteWebDriver.java:552)&#xD;
	at com.kms.katalon.selenium.driver.CChromeDriver.execute(CChromeDriver.java:20)&#xD;
	at org.openqa.selenium.remote.RemoteWebElement.execute(RemoteWebElement.java:285)&#xD;
	at org.openqa.selenium.remote.RemoteWebElement.click(RemoteWebElement.java:84)&#xD;
	at com.kms.katalon.core.webui.keyword.builtin.ClickKeyword$_click_closure1.doCall(ClickKeyword.groovy:79)&#xD;
	at com.kms.katalon.core.webui.keyword.builtin.ClickKeyword$_click_closure1.call(ClickKeyword.groovy)&#xD;
	at com.kms.katalon.core.webui.keyword.internal.WebUIKeywordMain.runKeyword(WebUIKeywordMain.groovy:20)&#xD;
	at com.kms.katalon.core.webui.keyword.builtin.ClickKeyword.click(ClickKeyword.groovy:86)&#xD;
	at com.kms.katalon.core.webui.keyword.builtin.ClickKeyword.execute(ClickKeyword.groovy:67)&#xD;
	at com.kms.katalon.core.keyword.internal.KeywordExecutor.executeKeywordForPlatform(KeywordExecutor.groovy:56)&#xD;
	at com.kms.katalon.core.webui.keyword.WebUiBuiltInKeywords.click(WebUiBuiltInKeywords.groovy:616)&#xD;
	at com.kms.katalon.core.webui.keyword.WebUiBuiltInKeywords$click$11.call(Unknown Source)&#xD;
	at Script1562811792162.smartWaitClickableAndClick(Script1562811792162.groovy:509)&#xD;
	at Script1562811792162$smartWaitClickableAndClick.callCurrent(Unknown Source)&#xD;
	at Script1562811792162.run(Script1562811792162.groovy:61)&#xD;
	... 13 more&#xD;
)&#xD;
&#xD;
2019-07-19 13:04:20 - [MESSAGE][FAILED] - Unable to click on object 'Object Repository/ARMORConfiguration/Page_ARMOR/a_Configuration' (Root cause: com.kms.katalon.core.exception.StepFailedException: Unable to click on object 'Object Repository/ARMORConfiguration/Page_ARMOR/a_Configuration'&#xD;
	at com.kms.katalon.core.webui.keyword.internal.WebUIKeywordMain.stepFailed(WebUIKeywordMain.groovy:64)&#xD;
	at com.kms.katalon.core.webui.keyword.internal.WebUIKeywordMain.runKeyword(WebUIKeywordMain.groovy:26)&#xD;
	at com.kms.katalon.core.webui.keyword.builtin.ClickKeyword.click(ClickKeyword.groovy:86)&#xD;
	at com.kms.katalon.core.webui.keyword.builtin.ClickKeyword.execute(ClickKeyword.groovy:67)&#xD;
	at com.kms.katalon.core.keyword.internal.KeywordExecutor.executeKeywordForPlatform(KeywordExecutor.groovy:56)&#xD;
	at com.kms.katalon.core.webui.keyword.WebUiBuiltInKeywords.click(WebUiBuiltInKeywords.groovy:616)&#xD;
	at com.kms.katalon.core.webui.keyword.WebUiBuiltInKeywords$click$11.call(Unknown Source)&#xD;
	at ARMORConfiguration.smartWaitClickableAndClick(ARMORConfiguration:509)&#xD;
	at Script1562811792162$smartWaitClickableAndClick.callCurrent(Unknown Source)&#xD;
	at ARMORConfiguration.run(ARMORConfiguration:61)&#xD;
	at com.kms.katalon.core.main.ScriptEngine.run(ScriptEngine.java:194)&#xD;
	at com.kms.katalon.core.main.ScriptEngine.runScriptAsRawText(ScriptEngine.java:119)&#xD;
	at com.kms.katalon.core.main.TestCaseExecutor.runScript(TestCaseExecutor.java:337)&#xD;
	at com.kms.katalon.core.main.TestCaseExecutor.doExecute(TestCaseExecutor.java:328)&#xD;
	at com.kms.katalon.core.main.TestCaseExecutor.processExecutionPhase(TestCaseExecutor.java:307)&#xD;
	at com.kms.katalon.core.main.TestCaseExecutor.accessMainPhase(TestCaseExecutor.java:299)&#xD;
	at com.kms.katalon.core.main.TestCaseExecutor.execute(TestCaseExecutor.java:233)&#xD;
	at com.kms.katalon.core.main.TestSuiteExecutor.accessTestCaseMainPhase(TestSuiteExecutor.java:133)&#xD;
	at com.kms.katalon.core.main.TestSuiteExecutor.accessTestSuiteMainPhase(TestSuiteExecutor.java:116)&#xD;
	at com.kms.katalon.core.main.TestSuiteExecutor.execute(TestSuiteExecutor.java:83)&#xD;
	at com.kms.katalon.core.main.TestCaseMain.startTestSuite(TestCaseMain.java:157)&#xD;
	at com.kms.katalon.core.main.TestCaseMain$startTestSuite$0.call(Unknown Source)&#xD;
	at TempTestSuite1563512592090.run(TempTestSuite1563512592090.groovy:35)&#xD;
Caused by: org.openqa.selenium.ElementClickInterceptedException: element click intercepted: Element &lt;a class="dropdown-toggle" data-toggle="dropdown" href="#" aria-expanded="false"&gt;...&lt;/a&gt; is not clickable at point (1835, 27). Other element would receive the click: &lt;div class="modal-backdrop fade"&gt;&lt;/div&gt;
  (Session info: chrome=75.0.3770.142)
  (Driver info: chromedriver=74.0.3729.6 (255758eccf3d244491b8a1317aa76e1ce10d57e9-refs/branch-heads/3729@{#29}),platform=Windows NT 10.0.17763 x86_64) (WARNING: The server did not provide any stacktrace information)
Command duration or timeout: 0 milliseconds
Build info: version: '3.141.59', revision: 'e82be7d358', time: '2018-11-14T08:25:53'
System info: host: 'DESKTOP-P450BIH', ip: '169.254.89.171', os.name: 'Windows 10', os.arch: 'amd64', os.version: '10.0', java.version: '1.8.0_181'
Driver info: com.kms.katalon.selenium.driver.CChromeDriver
Capabilities {acceptInsecureCerts: false, acceptSslCerts: false, applicationCacheEnabled: false, browserConnectionEnabled: false, browserName: chrome, chrome: {chromedriverVersion: 74.0.3729.6 (255758eccf3d24..., userDataDir: C:\Users\使用者\AppData\Local\...}, cssSelectorsEnabled: true, databaseEnabled: false, goog:chromeOptions: {debuggerAddress: localhost:63853}, handlesAlerts: true, hasTouchScreen: false, javascriptEnabled: true, locationContextEnabled: true, mobileEmulationEnabled: false, nativeEvents: true, networkConnectionEnabled: false, pageLoadStrategy: normal, platform: XP, platformName: XP, proxy: Proxy(), rotatable: false, setWindowRect: true, strictFileInteractability: false, takesHeapSnapshot: true, takesScreenshot: true, timeouts: {implicit: 0, pageLoad: 300000, script: 30000}, unexpectedAlertBehaviour: ignore, unhandledPromptBehavior: ignore, version: 75.0.3770.142, webStorageEnabled: true}
Session ID: 11382e8801d9907cf335309fa4162933&#xD;
	at org.openqa.selenium.remote.ErrorHandler.createThrowable(ErrorHandler.java:214)&#xD;
	at org.openqa.selenium.remote.ErrorHandler.throwIfResponseFailed(ErrorHandler.java:166)&#xD;
	at org.openqa.selenium.remote.http.JsonHttpResponseCodec.reconstructValue(JsonHttpResponseCodec.java:40)&#xD;
	at org.openqa.selenium.remote.http.AbstractHttpResponseCodec.decode(AbstractHttpResponseCodec.java:80)&#xD;
	at org.openqa.selenium.remote.http.AbstractHttpResponseCodec.decode(AbstractHttpResponseCodec.java:44)&#xD;
	at org.openqa.selenium.remote.HttpCommandExecutor.execute(HttpCommandExecutor.java:158)&#xD;
	at org.openqa.selenium.remote.service.DriverCommandExecutor.execute(DriverCommandExecutor.java:83)&#xD;
	at org.openqa.selenium.remote.RemoteWebDriver.execute(RemoteWebDriver.java:552)&#xD;
	at com.kms.katalon.selenium.driver.CChromeDriver.execute(CChromeDriver.java:20)&#xD;
	at org.openqa.selenium.remote.RemoteWebElement.execute(RemoteWebElement.java:285)&#xD;
	at org.openqa.selenium.remote.RemoteWebElement.click(RemoteWebElement.java:84)&#xD;
	at com.kms.katalon.core.webui.keyword.builtin.ClickKeyword$_click_closure1.doCall(ClickKeyword.groovy:79)&#xD;
	at com.kms.katalon.core.webui.keyword.builtin.ClickKeyword$_click_closure1.call(ClickKeyword.groovy)&#xD;
	at com.kms.katalon.core.webui.keyword.internal.WebUIKeywordMain.runKeyword(WebUIKeywordMain.groovy:20)&#xD;
	at com.kms.katalon.core.webui.keyword.builtin.ClickKeyword.click(ClickKeyword.groovy:86)&#xD;
	at com.kms.katalon.core.webui.keyword.builtin.ClickKeyword.execute(ClickKeyword.groovy:67)&#xD;
	at com.kms.katalon.core.keyword.internal.KeywordExecutor.executeKeywordForPlatform(KeywordExecutor.groovy:56)&#xD;
	at com.kms.katalon.core.webui.keyword.WebUiBuiltInKeywords.click(WebUiBuiltInKeywords.groovy:616)&#xD;
	at com.kms.katalon.core.webui.keyword.WebUiBuiltInKeywords$click$11.call(Unknown Source)&#xD;
	at Script1562811792162.smartWaitClickableAndClick(Script1562811792162.groovy:509)&#xD;
	at Script1562811792162$smartWaitClickableAndClick.callCurrent(Unknown Source)&#xD;
	at Script1562811792162.run(Script1562811792162.groovy:61)&#xD;
	... 13 more&#xD;
)&#xD;
[[ATTACHMENT|C:\\final_merge\\Reports\\list_dashboard\\20190719_130311\\1563512659503.png]]</system-out>
            <system-err>2019-07-19 13:03:23 - [TEST_CASE][FAILED] - Test Cases/ARMORConfiguration: Test Cases/ARMORConfiguration FAILED.
Reason:
com.kms.katalon.core.exception.StepFailedException: Unable to click on object 'Object Repository/ARMORConfiguration/Page_ARMOR/a_Configuration'&#xD;
	at com.kms.katalon.core.webui.keyword.internal.WebUIKeywordMain.stepFailed(WebUIKeywordMain.groovy:64)&#xD;
	at com.kms.katalon.core.webui.keyword.internal.WebUIKeywordMain.runKeyword(WebUIKeywordMain.groovy:26)&#xD;
	at com.kms.katalon.core.webui.keyword.builtin.ClickKeyword.click(ClickKeyword.groovy:86)&#xD;
	at com.kms.katalon.core.webui.keyword.builtin.ClickKeyword.execute(ClickKeyword.groovy:67)&#xD;
	at com.kms.katalon.core.keyword.internal.KeywordExecutor.executeKeywordForPlatform(KeywordExecutor.groovy:56)&#xD;
	at com.kms.katalon.core.webui.keyword.WebUiBuiltInKeywords.click(WebUiBuiltInKeywords.groovy:616)&#xD;
	at com.kms.katalon.core.webui.keyword.WebUiBuiltInKeywords$click$11.call(Unknown Source)&#xD;
	at ARMORConfiguration.smartWaitClickableAndClick(ARMORConfiguration:509)&#xD;
	at Script1562811792162$smartWaitClickableAndClick.callCurrent(Unknown Source)&#xD;
	at ARMORConfiguration.run(ARMORConfiguration:61)&#xD;
	at com.kms.katalon.core.main.ScriptEngine.run(ScriptEngine.java:194)&#xD;
	at com.kms.katalon.core.main.ScriptEngine.runScriptAsRawText(ScriptEngine.java:119)&#xD;
	at com.kms.katalon.core.main.TestCaseExecutor.runScript(TestCaseExecutor.java:337)&#xD;
	at com.kms.katalon.core.main.TestCaseExecutor.doExecute(TestCaseExecutor.java:328)&#xD;
	at com.kms.katalon.core.main.TestCaseExecutor.processExecutionPhase(TestCaseExecutor.java:307)&#xD;
	at com.kms.katalon.core.main.TestCaseExecutor.accessMainPhase(TestCaseExecutor.java:299)&#xD;
	at com.kms.katalon.core.main.TestCaseExecutor.execute(TestCaseExecutor.java:233)&#xD;
	at com.kms.katalon.core.main.TestSuiteExecutor.accessTestCaseMainPhase(TestSuiteExecutor.java:133)&#xD;
	at com.kms.katalon.core.main.TestSuiteExecutor.accessTestSuiteMainPhase(TestSuiteExecutor.java:116)&#xD;
	at com.kms.katalon.core.main.TestSuiteExecutor.execute(TestSuiteExecutor.java:83)&#xD;
	at com.kms.katalon.core.main.TestCaseMain.startTestSuite(TestCaseMain.java:157)&#xD;
	at com.kms.katalon.core.main.TestCaseMain$startTestSuite$0.call(Unknown Source)&#xD;
	at TempTestSuite1563512592090.run(TempTestSuite1563512592090.groovy:35)&#xD;
Caused by: org.openqa.selenium.ElementClickInterceptedException: element click intercepted: Element &lt;a class="dropdown-toggle" data-toggle="dropdown" href="#" aria-expanded="false"&gt;...&lt;/a&gt; is not clickable at point (1835, 27). Other element would receive the click: &lt;div class="modal-backdrop fade"&gt;&lt;/div&gt;
  (Session info: chrome=75.0.3770.142)
  (Driver info: chromedriver=74.0.3729.6 (255758eccf3d244491b8a1317aa76e1ce10d57e9-refs/branch-heads/3729@{#29}),platform=Windows NT 10.0.17763 x86_64) (WARNING: The server did not provide any stacktrace information)
Command duration or timeout: 0 milliseconds
Build info: version: '3.141.59', revision: 'e82be7d358', time: '2018-11-14T08:25:53'
System info: host: 'DESKTOP-P450BIH', ip: '169.254.89.171', os.name: 'Windows 10', os.arch: 'amd64', os.version: '10.0', java.version: '1.8.0_181'
Driver info: com.kms.katalon.selenium.driver.CChromeDriver
Capabilities {acceptInsecureCerts: false, acceptSslCerts: false, applicationCacheEnabled: false, browserConnectionEnabled: false, browserName: chrome, chrome: {chromedriverVersion: 74.0.3729.6 (255758eccf3d24..., userDataDir: C:\Users\使用者\AppData\Local\...}, cssSelectorsEnabled: true, databaseEnabled: false, goog:chromeOptions: {debuggerAddress: localhost:63853}, handlesAlerts: true, hasTouchScreen: false, javascriptEnabled: true, locationContextEnabled: true, mobileEmulationEnabled: false, nativeEvents: true, networkConnectionEnabled: false, pageLoadStrategy: normal, platform: XP, platformName: XP, proxy: Proxy(), rotatable: false, setWindowRect: true, strictFileInteractability: false, takesHeapSnapshot: true, takesScreenshot: true, timeouts: {implicit: 0, pageLoad: 300000, script: 30000}, unexpectedAlertBehaviour: ignore, unhandledPromptBehavior: ignore, version: 75.0.3770.142, webStorageEnabled: true}
Session ID: 11382e8801d9907cf335309fa4162933&#xD;
	at org.openqa.selenium.remote.ErrorHandler.createThrowable(ErrorHandler.java:214)&#xD;
	at org.openqa.selenium.remote.ErrorHandler.throwIfResponseFailed(ErrorHandler.java:166)&#xD;
	at org.openqa.selenium.remote.http.JsonHttpResponseCodec.reconstructValue(JsonHttpResponseCodec.java:40)&#xD;
	at org.openqa.selenium.remote.http.AbstractHttpResponseCodec.decode(AbstractHttpResponseCodec.java:80)&#xD;
	at org.openqa.selenium.remote.http.AbstractHttpResponseCodec.decode(AbstractHttpResponseCodec.java:44)&#xD;
	at org.openqa.selenium.remote.HttpCommandExecutor.execute(HttpCommandExecutor.java:158)&#xD;
	at org.openqa.selenium.remote.service.DriverCommandExecutor.execute(DriverCommandExecutor.java:83)&#xD;
	at org.openqa.selenium.remote.RemoteWebDriver.execute(RemoteWebDriver.java:552)&#xD;
	at com.kms.katalon.selenium.driver.CChromeDriver.execute(CChromeDriver.java:20)&#xD;
	at org.openqa.selenium.remote.RemoteWebElement.execute(RemoteWebElement.java:285)&#xD;
	at org.openqa.selenium.remote.RemoteWebElement.click(RemoteWebElement.java:84)&#xD;
	at com.kms.katalon.core.webui.keyword.builtin.ClickKeyword$_click_closure1.doCall(ClickKeyword.groovy:79)&#xD;
	at com.kms.katalon.core.webui.keyword.builtin.ClickKeyword$_click_closure1.call(ClickKeyword.groovy)&#xD;
	at com.kms.katalon.core.webui.keyword.internal.WebUIKeywordMain.runKeyword(WebUIKeywordMain.groovy:20)&#xD;
	... 21 more</system-err>
        </testcase>
        <testcase name="Test Cases/ARMORDashboard" classname="Test Cases/ARMORDashboard" status="FAILED">
            <failure type="FAILED" message="Test Cases/ARMORDashboard FAILED.&#xA;Reason:&#xA;com.kms.katalon.core.exception.StepFailedException: Element  was never found&#xD;&#xA;&#x9;at com.kms.katalon.core.util.KeywordUtil.markFailed(KeywordUtil.java:19)&#xD;&#xA;&#x9;at com.kms.katalon.core.util.KeywordUtil$markFailed.call(Unknown Source)&#xD;&#xA;&#x9;at ARMORDashboard.smartWaitClickableAndClick(ARMORDashboard:379)&#xD;&#xA;&#x9;at Script1562915977383$smartWaitClickableAndClick.callCurrent(Unknown Source)&#xD;&#xA;&#x9;at ARMORDashboard.run(ARMORDashboard:245)&#xD;&#xA;&#x9;at com.kms.katalon.core.main.ScriptEngine.run(ScriptEngine.java:194)&#xD;&#xA;&#x9;at com.kms.katalon.core.main.ScriptEngine.runScriptAsRawText(ScriptEngine.java:119)&#xD;&#xA;&#x9;at com.kms.katalon.core.main.TestCaseExecutor.runScript(TestCaseExecutor.java:337)&#xD;&#xA;&#x9;at com.kms.katalon.core.main.TestCaseExecutor.doExecute(TestCaseExecutor.java:328)&#xD;&#xA;&#x9;at com.kms.katalon.core.main.TestCaseExecutor.processExecutionPhase(TestCaseExecutor.java:307)&#xD;&#xA;&#x9;at com.kms.katalon.core.main.TestCaseExecutor.accessMainPhase(TestCaseExecutor.java:299)&#xD;&#xA;&#x9;at com.kms.katalon.core.main.TestCaseExecutor.execute(TestCaseExecutor.java:233)&#xD;&#xA;&#x9;at com.kms.katalon.core.main.TestSuiteExecutor.accessTestCaseMainPhase(TestSuiteExecutor.java:133)&#xD;&#xA;&#x9;at com.kms.katalon.core.main.TestSuiteExecutor.accessTestSuiteMainPhase(TestSuiteExecutor.java:116)&#xD;&#xA;&#x9;at com.kms.katalon.core.main.TestSuiteExecutor.execute(TestSuiteExecutor.java:83)&#xD;&#xA;&#x9;at com.kms.katalon.core.main.TestCaseMain.startTestSuite(TestCaseMain.java:157)&#xD;&#xA;&#x9;at com.kms.katalon.core.main.TestCaseMain$startTestSuite$0.call(Unknown Source)&#xD;&#xA;&#x9;at TempTestSuite1563512592090.run(TempTestSuite1563512592090.groovy:35)&#xD;&#xA;"/>
            <system-out>2019-07-19 13:04:20 - [TEST_CASE][FAILED] - Test Cases/ARMORDashboard: Test Cases/ARMORDashboard FAILED.
Reason:
com.kms.katalon.core.exception.StepFailedException: Element  was never found&#xD;
	at com.kms.katalon.core.util.KeywordUtil.markFailed(KeywordUtil.java:19)&#xD;
	at com.kms.katalon.core.util.KeywordUtil$markFailed.call(Unknown Source)&#xD;
	at ARMORDashboard.smartWaitClickableAndClick(ARMORDashboard:379)&#xD;
	at Script1562915977383$smartWaitClickableAndClick.callCurrent(Unknown Source)&#xD;
	at ARMORDashboard.run(ARMORDashboard:245)&#xD;
	at com.kms.katalon.core.main.ScriptEngine.run(ScriptEngine.java:194)&#xD;
	at com.kms.katalon.core.main.ScriptEngine.runScriptAsRawText(ScriptEngine.java:119)&#xD;
	at com.kms.katalon.core.main.TestCaseExecutor.runScript(TestCaseExecutor.java:337)&#xD;
	at com.kms.katalon.core.main.TestCaseExecutor.doExecute(TestCaseExecutor.java:328)&#xD;
	at com.kms.katalon.core.main.TestCaseExecutor.processExecutionPhase(TestCaseExecutor.java:307)&#xD;
	at com.kms.katalon.core.main.TestCaseExecutor.accessMainPhase(TestCaseExecutor.java:299)&#xD;
	at com.kms.katalon.core.main.TestCaseExecutor.execute(TestCaseExecutor.java:233)&#xD;
	at com.kms.katalon.core.main.TestSuiteExecutor.accessTestCaseMainPhase(TestSuiteExecutor.java:133)&#xD;
	at com.kms.katalon.core.main.TestSuiteExecutor.accessTestSuiteMainPhase(TestSuiteExecutor.java:116)&#xD;
	at com.kms.katalon.core.main.TestSuiteExecutor.execute(TestSuiteExecutor.java:83)&#xD;
	at com.kms.katalon.core.main.TestCaseMain.startTestSuite(TestCaseMain.java:157)&#xD;
	at com.kms.katalon.core.main.TestCaseMain$startTestSuite$0.call(Unknown Source)&#xD;
	at TempTestSuite1563512592090.run(TempTestSuite1563512592090.groovy:35)&#xD;
&#xD;
&#xD;
2019-07-19 13:04:20 - [TEST_STEP][PASSED] - openBrowser(""): Browser is opened with url: ''&#xD;
&#xD;
2019-07-19 13:04:20 - [MESSAGE][WARNING] - A browser is already opened. Closing browser and opening a new one&#xD;
&#xD;
2019-07-19 13:04:22 - [MESSAGE][INFO] - Starting 'Chrome' driver&#xD;
&#xD;
2019-07-19 13:04:26 - [MESSAGE][PASSED] - Browser is opened with url: ''&#xD;
&#xD;
2019-07-19 13:04:26 - [TEST_STEP][PASSED] - maximizeWindow(): Current window maximized&#xD;
&#xD;
2019-07-19 13:04:27 - [MESSAGE][PASSED] - Current window maximized&#xD;
&#xD;
2019-07-19 13:04:27 - [TEST_STEP][PASSED] - navigateToUrl("http://192.168.42.162/en-us/login/"): Navigate to 'http://192.168.42.162/en-us/login/' successfully&#xD;
&#xD;
2019-07-19 13:04:28 - [MESSAGE][PASSED] - Navigate to 'http://192.168.42.162/en-us/login/' successfully&#xD;
&#xD;
2019-07-19 13:04:28 - [TEST_STEP][PASSED] - setText(findTestObject("Object Repository/ARMORConfiguration/Page_ ARMOR/input_Login_username"), "admin"): Text 'admin' is set on object 'Object Repository/ARMORConfiguration/Page_ ARMOR/input_Login_username'&#xD;
&#xD;
2019-07-19 13:04:28 - [MESSAGE][PASSED] - Text 'admin' is set on object 'Object Repository/ARMORConfiguration/Page_ ARMOR/input_Login_username'&#xD;
&#xD;
2019-07-19 13:04:28 - [TEST_STEP][PASSED] - setEncryptedText(findTestObject("Object Repository/ARMORConfiguration/Page_ ARMOR/input_Login_password"), "8SQVv/p9jVScEs4/2CZsLw=="): Text ****** has been set on object 'Object Repository/ARMORConfiguration/Page_ ARMOR/input_Login_password'&#xD;
&#xD;
2019-07-19 13:04:28 - [MESSAGE][PASSED] - Text ****** has been set on object 'Object Repository/ARMORConfiguration/Page_ ARMOR/input_Login_password'&#xD;
&#xD;
2019-07-19 13:04:28 - [TEST_STEP][PASSED] - smartWaitClickableAndClick(findTestObject("Object Repository/ARMORConfiguration/Page_ ARMOR/button_Login"), 20): null&#xD;
&#xD;
2019-07-19 13:04:28 - [TEST_STEP][PASSED] - for ([j = 0, j &lt;= waitTime, (j++)]): null&#xD;
&#xD;
2019-07-19 13:04:28 - [TEST_STEP][PASSED] - if (!(verifyElementClickable(testObject, OPTIONAL) &amp;&amp; verifyElementVisible(testObject, OPTIONAL) &amp;&amp; verifyElementPresent(testObject, 5, OPTIONAL))): Object 'Object Repository/ARMORConfiguration/Page_ ARMOR/button_Login' is present&#xD;
&#xD;
2019-07-19 13:04:28 - [MESSAGE][PASSED] - Object 'Object Repository/ARMORConfiguration/Page_ ARMOR/button_Login' is clickable&#xD;
&#xD;
2019-07-19 13:04:28 - [MESSAGE][PASSED] - Object 'Object Repository/ARMORConfiguration/Page_ ARMOR/button_Login' is visible&#xD;
&#xD;
2019-07-19 13:04:29 - [MESSAGE][PASSED] - Object 'Object Repository/ARMORConfiguration/Page_ ARMOR/button_Login' is present&#xD;
&#xD;
2019-07-19 13:04:29 - [TEST_STEP][PASSED] - else: null&#xD;
&#xD;
2019-07-19 13:04:29 - [TEST_STEP][PASSED] - comment(testObject.toString() + " is ready"): TestObject - 'Object Repository/ARMORConfiguration/Page_ ARMOR/button_Login' is ready&#xD;
&#xD;
2019-07-19 13:04:29 - [MESSAGE][INFO] - TestObject - 'Object Repository/ARMORConfiguration/Page_ ARMOR/button_Login' is ready&#xD;
&#xD;
2019-07-19 13:04:29 - [TEST_STEP][PASSED] - waitForElementPresent(testObject, 20): Object 'Object Repository/ARMORConfiguration/Page_ ARMOR/button_Login' is present&#xD;
&#xD;
2019-07-19 13:04:29 - [MESSAGE][PASSED] - Object 'Object Repository/ARMORConfiguration/Page_ ARMOR/button_Login' is present&#xD;
&#xD;
2019-07-19 13:04:29 - [TEST_STEP][PASSED] - waitForElementVisible(testObject, 20): Object 'Object Repository/ARMORConfiguration/Page_ ARMOR/button_Login' is visible&#xD;
&#xD;
2019-07-19 13:04:29 - [MESSAGE][PASSED] - Object 'Object Repository/ARMORConfiguration/Page_ ARMOR/button_Login' is visible&#xD;
&#xD;
2019-07-19 13:04:29 - [TEST_STEP][PASSED] - waitForElementClickable(testObject, 20): Object 'Object Repository/ARMORConfiguration/Page_ ARMOR/button_Login' is clickable&#xD;
&#xD;
2019-07-19 13:04:29 - [MESSAGE][PASSED] - Object 'Object Repository/ARMORConfiguration/Page_ ARMOR/button_Login' is clickable&#xD;
&#xD;
2019-07-19 13:04:29 - [TEST_STEP][PASSED] - waitForJQueryLoad(10, OPTIONAL): jQuery is ready.&#xD;
&#xD;
2019-07-19 13:04:29 - [MESSAGE][PASSED] - jQuery is ready.&#xD;
&#xD;
2019-07-19 13:04:29 - [TEST_STEP][PASSED] - click(testObject): Object: 'Object Repository/ARMORConfiguration/Page_ ARMOR/button_Login' is clicked on&#xD;
&#xD;
2019-07-19 13:04:32 - [MESSAGE][PASSED] - Object: 'Object Repository/ARMORConfiguration/Page_ ARMOR/button_Login' is clicked on&#xD;
&#xD;
2019-07-19 13:04:32 - [TEST_STEP][PASSED] - break: null&#xD;
&#xD;
2019-07-19 13:04:32 - [TEST_STEP][PASSED] - smartWaitClickableAndClick(findTestObject("Object Repository/ARMORDashboard/Dashboard"), 20): null&#xD;
&#xD;
2019-07-19 13:04:32 - [TEST_STEP][PASSED] - for ([j = 0, j &lt;= waitTime, (j++)]): null&#xD;
&#xD;
2019-07-19 13:04:32 - [TEST_STEP][PASSED] - if (!(verifyElementClickable(testObject, OPTIONAL) &amp;&amp; verifyElementVisible(testObject, OPTIONAL) &amp;&amp; verifyElementPresent(testObject, 5, OPTIONAL))): Object 'Object Repository/ARMORDashboard/Dashboard' is present&#xD;
&#xD;
2019-07-19 13:04:32 - [MESSAGE][PASSED] - Object 'Object Repository/ARMORDashboard/Dashboard' is clickable&#xD;
&#xD;
2019-07-19 13:04:32 - [MESSAGE][PASSED] - Object 'Object Repository/ARMORDashboard/Dashboard' is visible&#xD;
&#xD;
2019-07-19 13:04:33 - [MESSAGE][PASSED] - Object 'Object Repository/ARMORDashboard/Dashboard' is present&#xD;
&#xD;
2019-07-19 13:04:33 - [TEST_STEP][PASSED] - else: null&#xD;
&#xD;
2019-07-19 13:04:33 - [TEST_STEP][PASSED] - comment(testObject.toString() + " is ready"): TestObject - 'Object Repository/ARMORDashboard/Dashboard' is ready&#xD;
&#xD;
2019-07-19 13:04:33 - [MESSAGE][INFO] - TestObject - 'Object Repository/ARMORDashboard/Dashboard' is ready&#xD;
&#xD;
2019-07-19 13:04:33 - [TEST_STEP][PASSED] - waitForElementPresent(testObject, 20): Object 'Object Repository/ARMORDashboard/Dashboard' is present&#xD;
&#xD;
2019-07-19 13:04:33 - [MESSAGE][PASSED] - Object 'Object Repository/ARMORDashboard/Dashboard' is present&#xD;
&#xD;
2019-07-19 13:04:33 - [TEST_STEP][PASSED] - waitForElementVisible(testObject, 20): Object 'Object Repository/ARMORDashboard/Dashboard' is visible&#xD;
&#xD;
2019-07-19 13:04:33 - [MESSAGE][PASSED] - Object 'Object Repository/ARMORDashboard/Dashboard' is visible&#xD;
&#xD;
[...]
	at com.kms.katalon.core.webui.keyword.internal.WebUIKeywordMain.runKeyword(WebUIKeywordMain.groovy:20)&#xD;
	at com.kms.katalon.core.webui.keyword.builtin.ScrollToElementKeyword.scrollToElement(ScrollToElementKeyword.groovy:88)&#xD;
	at com.kms.katalon.core.webui.keyword.builtin.ScrollToElementKeyword.execute(ScrollToElementKeyword.groovy:68)&#xD;
	at com.kms.katalon.core.keyword.internal.KeywordExecutor.executeKeywordForPlatform(KeywordExecutor.groovy:56)&#xD;
	at com.kms.katalon.core.webui.keyword.WebUiBuiltInKeywords.scrollToElement(WebUiBuiltInKeywords.groovy:2975)&#xD;
	at com.kms.katalon.core.webui.keyword.WebUiBuiltInKeywords$scrollToElement$16.call(Unknown Source)&#xD;
	at Script1562915977383.smartWaitClickableAndClick(Script1562915977383.groovy:358)&#xD;
	at Script1562915977383$smartWaitClickableAndClick.callCurrent(Unknown Source)&#xD;
	at Script1562915977383.run(Script1562915977383.groovy:246)&#xD;
	... 13 more&#xD;
)&#xD;
&#xD;
2019-07-19 13:12:11 - [TEST_STEP][FAILED] - if (!(verifyElementClickable(testObject, OPTIONAL) &amp;&amp; verifyElementVisible(testObject, OPTIONAL) &amp;&amp; verifyElementPresent(testObject, 5, OPTIONAL))): Unable to scroll to object 'Object Repository/ARMORDashboard/DashboardLabel/RackDetail/button_Sensor_Refresh' (Root cause: com.kms.katalon.core.exception.StepFailedException: Unable to scroll to object 'Object Repository/ARMORDashboard/DashboardLabel/RackDetail/button_Sensor_Refresh'&#xD;
	at com.kms.katalon.core.webui.keyword.internal.WebUIKeywordMain.stepFailed(WebUIKeywordMain.groovy:64)&#xD;
	at com.kms.katalon.core.webui.keyword.internal.WebUIKeywordMain.runKeyword(WebUIKeywordMain.groovy:26)&#xD;
	at com.kms.katalon.core.webui.keyword.builtin.ScrollToElementKeyword.scrollToElement(ScrollToElementKeyword.groovy:88)&#xD;
	at com.kms.katalon.core.webui.keyword.builtin.ScrollToElementKeyword.execute(ScrollToElementKeyword.groovy:68)&#xD;
	at com.kms.katalon.core.keyword.internal.KeywordExecutor.executeKeywordForPlatform(KeywordExecutor.groovy:56)&#xD;
	at com.kms.katalon.core.webui.keyword.WebUiBuiltInKeywords.scrollToElement(WebUiBuiltInKeywords.groovy:2975)&#xD;
	at com.kms.katalon.core.webui.keyword.WebUiBuiltInKeywords$scrollToElement$16.call(Unknown Source)&#xD;
	at ARMORDashboard.smartWaitClickableAndClick(ARMORDashboard:358)&#xD;
	at Script1562915977383$smartWaitClickableAndClick.callCurrent(Unknown Source)&#xD;
	at ARMORDashboard.run(ARMORDashboard:246)&#xD;
	at com.kms.katalon.core.main.ScriptEngine.run(ScriptEngine.java:194)&#xD;
	at com.kms.katalon.core.main.ScriptEngine.runScriptAsRawText(ScriptEngine.java:119)&#xD;
	at com.kms.katalon.core.main.TestCaseExecutor.runScript(TestCaseExecutor.java:337)&#xD;
	at com.kms.katalon.core.main.TestCaseExecutor.doExecute(TestCaseExecutor.java:328)&#xD;
	at com.kms.katalon.core.main.TestCaseExecutor.processExecutionPhase(TestCaseExecutor.java:307)&#xD;
	at com.kms.katalon.core.main.TestCaseExecutor.accessMainPhase(TestCaseExecutor.java:299)&#xD;
	at com.kms.katalon.core.main.TestCaseExecutor.execute(TestCaseExecutor.java:233)&#xD;
	at com.kms.katalon.core.main.TestSuiteExecutor.accessTestCaseMainPhase(TestSuiteExecutor.java:133)&#xD;
	at com.kms.katalon.core.main.TestSuiteExecutor.accessTestSuiteMainPhase(TestSuiteExecutor.java:116)&#xD;
	at com.kms.katalon.core.main.TestSuiteExecutor.execute(TestSuiteExecutor.java:83)&#xD;
	at com.kms.katalon.core.main.TestCaseMain.startTestSuite(TestCaseMain.java:157)&#xD;
	at com.kms.katalon.core.main.TestCaseMain$startTestSuite$0.call(Unknown Source)&#xD;
	at TempTestSuite1563512592090.run(TempTestSuite1563512592090.groovy:35)&#xD;
Caused by: com.kms.katalon.core.webui.exception.WebElementNotFoundException: Web element with id: 'Object Repository/ARMORDashboard/DashboardLabel/RackDetail/button_Sensor_Refresh' located by 'By.xpath: //div[@id='mon-ov-node-sdr']/div/div/div/div/button' not found&#xD;
	at com.kms.katalon.core.webui.common.WebUiCommonHelper.findWebElement(WebUiCommonHelper.java:1097)&#xD;
	at com.kms.katalon.core.webui.keyword.internal.WebUIAbstractKeyword.findWebElement(WebUIAbstractKeyword.groovy:27)&#xD;
	at com.kms.katalon.core.webui.keyword.internal.WebUIAbstractKeyword.findWebElement(WebUIAbstractKeyword.groovy:26)&#xD;
	at com.kms.katalon.core.webui.keyword.builtin.ScrollToElementKeyword$_scrollToElement_closure1.doCall(ScrollToElementKeyword.groovy:79)&#xD;
	at com.kms.katalon.core.webui.keyword.builtin.ScrollToElementKeyword$_scrollToElement_closure1.call(ScrollToElementKeyword.groovy)&#xD;
	at com.kms.katalon.core.webui.keyword.internal.WebUIKeywordMain.runKeyword(WebUIKeywordMain.groovy:20)&#xD;
	at com.kms.katalon.core.webui.keyword.builtin.ScrollToElementKeyword.scrollToElement(ScrollToElementKeyword.groovy:88)&#xD;
	at com.kms.katalon.core.webui.keyword.builtin.ScrollToElementKeyword.execute(ScrollToElementKeyword.groovy:68)&#xD;
	at com.kms.katalon.core.keyword.internal.KeywordExecutor.executeKeywordForPlatform(KeywordExecutor.groovy:56)&#xD;
	at com.kms.katalon.core.webui.keyword.WebUiBuiltInKeywords.scrollToElement(WebUiBuiltInKeywords.groovy:2975)&#xD;
	at com.kms.katalon.core.webui.keyword.WebUiBuiltInKeywords$scrollToElement$16.call(Unknown Source)&#xD;
	at Script1562915977383.smartWaitClickableAndClick(Script1562915977383.groovy:358)&#xD;
	at Script1562915977383$smartWaitClickableAndClick.callCurrent(Unknown Source)&#xD;
	at Script1562915977383.run(Script1562915977383.groovy:246)&#xD;
	... 13 more&#xD;
)&#xD;
&#xD;
2019-07-19 13:12:40 - [MESSAGE][INFO] - Unable to find the element located by 'By.xpath: //div[@id='mon-ov-node-sdr']/div/div/div/div/button'. Please recheck the objects properties to make sure the desired element is located. &#xD;
&#xD;
2019-07-19 13:12:40 - [MESSAGE][WARNING] - Web element with id: 'Object Repository/ARMORDashboard/DashboardLabel/RackDetail/button_Sensor_Refresh' located by 'By.xpath: //div[@id='mon-ov-node-sdr']/div/div/div/div/button' not found (Root cause: com.kms.katalon.core.exception.StepFailedException: Web element with id: 'Object Repository/ARMORDashboard/DashboardLabel/RackDetail/button_Sensor_Refresh' located by 'By.xpath: //div[@id='mon-ov-node-sdr']/div/div/div/div/button' not found&#xD;
	at com.kms.katalon.core.webui.keyword.internal.WebUIKeywordMain.stepFailed(WebUIKeywordMain.groovy:64)&#xD;
	at com.kms.katalon.core.webui.keyword.builtin.VerifyElementClickableKeyword$_verifyElementClickable_closure1.doCall(VerifyElementClickableKeyword.groovy:88)&#xD;
	at com.kms.katalon.core.webui.keyword.builtin.VerifyElementClickableKeyword$_verifyElementClickable_closure1.call(VerifyElementClickableKeyword.groovy)&#xD;
	at com.kms.katalon.core.webui.keyword.internal.WebUIKeywordMain.runKeyword(WebUIKeywordMain.groovy:20)&#xD;
	at com.kms.katalon.core.webui.keyword.builtin.VerifyElementClickableKeyword.verifyElementClickable(VerifyElementClickableKeyword.groovy:96)&#xD;
	at com.kms.katalon.core.webui.keyword.builtin.VerifyElementClickableKeyword.execute(VerifyElementClickableKeyword.groovy:67)&#xD;
	at com.kms.katalon.core.keyword.internal.KeywordExecutor.executeKeywordForPlatform(KeywordExecutor.groovy:56)&#xD;
	at com.kms.katalon.core.webui.keyword.WebUiBuiltInKeywords.verifyElementClickable(WebUiBuiltInKeywords.groovy:548)&#xD;
	at com.kms.katalon.core.webui.keyword.WebUiBuiltInKeywords$verifyElementClickable$4.call(Unknown Source)&#xD;
	at ARMORDashboard.smartWaitClickableAndClick(ARMORDashboard:356)&#xD;
	at Script1562915977383$smartWaitClickableAndClick.callCurrent(Unknown Source)&#xD;
	at ARMORDashboard.run(ARMORDashboard:246)&#xD;
	at com.kms.katalon.core.main.ScriptEngine.run(ScriptEngine.java:194)&#xD;
	at com.kms.katalon.core.main.ScriptEngine.runScriptAsRawText(ScriptEngine.java:119)&#xD;
	at com.kms.katalon.core.main.TestCaseExecutor.runScript(TestCaseExecutor.java:337)&#xD;
	at com.kms.katalon.core.main.TestCaseExecutor.doExecute(TestCaseExecutor.java:328)&#xD;
	at com.kms.katalon.core.main.TestCaseExecutor.processExecutionPhase(TestCaseExecutor.java:307)&#xD;
	at com.kms.katalon.core.main.TestCaseExecutor.accessMainPhase(TestCaseExecutor.java:299)&#xD;
	at com.kms.katalon.core.main.TestCaseExecutor.execute(TestCaseExecutor.java:233)&#xD;
	at com.kms.katalon.core.main.TestSuiteExecutor.accessTestCaseMainPhase(TestSuiteExecutor.java:133)&#xD;
	at com.kms.katalon.core.main.TestSuiteExecutor.accessTestSuiteMainPhase(TestSuiteExecutor.java:116)&#xD;
	at com.kms.katalon.core.main.TestSuiteExecutor.execute(TestSuiteExecutor.java:83)&#xD;
	at com.kms.katalon.core.main.TestCaseMain.startTestSuite(TestCaseMain.java:157)&#xD;
	at com.kms.katalon.core.main.TestCaseMain$startTestSuite$0.call(Unknown Source)&#xD;
	at TempTestSuite1563512592090.run(TempTestSuite1563512592090.groovy:35)&#xD;
)&#xD;
[[ATTACHMENT|C:\\final_merge\\Reports\\list_dashboard\\20190719_130311\\1563513160399.png]]&#xD;
&#xD;
2019-07-19 13:12:40 - [TEST_STEP][FAILED] - scrollToElement(testObject, 5): Unable to scroll to object 'Object Repository/ARMORDashboard/DashboardLabel/RackDetail/button_Sensor_Refresh' (Root cause: com.kms.katalon.core.exception.StepFailedException: Unable to scroll to object 'Object Repository/ARMORDashboard/DashboardLabel/RackDetail/button_Sensor_Refresh'&#xD;
	at com.kms.katalon.core.webui.keyword.internal.WebUIKeywordMain.stepFailed(WebUIKeywordMain.groovy:64)&#xD;
	at com.kms.katalon.core.webui.keyword.internal.WebUIKeywordMain.runKeyword(WebUIKeywordMain.groovy:26)&#xD;
	at com.kms.katalon.core.webui.keyword.builtin.ScrollToElementKeyword.scrollToElement(ScrollToElementKeyword.groovy:88)&#xD;
	at com.kms.katalon.core.webui.keyword.builtin.ScrollToElementKeyword.execute(ScrollToElementKeyword.groovy:68)&#xD;
	at com.kms.katalon.core.keyword.internal.KeywordExecutor.executeKeywordForPlatform(KeywordExecutor.groovy:56)&#xD;
	at com.kms.katalon.core.webui.keyword.WebUiBuiltInKeywords.scrollToElement(WebUiBuiltInKeywords.groovy:2975)&#xD;
	at com.kms.katalon.core.webui.keyword.WebUiBuiltInKeywords$scrollToElement$16.call(Unknown Source)&#xD;
	at ARMORDashboard.smartWaitClickableAndClick(ARMORDashboard:358)&#xD;
	at Script1562915977383$smartWaitClickableAndClick.callCurrent(Unknown Source)&#xD;
	at ARMORDashboard.run(ARMORDashboard:246)&#xD;
	at com.kms.katalon.core.main.ScriptEngine.run(ScriptEngine.java:194)&#xD;
	at com.kms.katalon.core.main.ScriptEngine.runScriptAsRawText(ScriptEngine.java:119)&#xD;
	at com.kms.katalon.core.main.TestCaseExecutor.runScript(TestCaseExecutor.java:337)&#xD;
	at com.kms.katalon.core.main.TestCaseExecutor.doExecute(TestCaseExecutor.java:328)&#xD;
	at com.kms.katalon.core.main.TestCaseExecutor.processExecutionPhase(TestCaseExecutor.java:307)&#xD;
	at com.kms.katalon.core.main.TestCaseExecutor.accessMainPhase(TestCaseExecutor.java:299)&#xD;
	at com.kms.katalon.core.main.TestCaseExecutor.execute(TestCaseExecutor.java:233)&#xD;
	at com.kms.katalon.core.main.TestSuiteExecutor.accessTestCaseMainPhase(TestSuiteExecutor.java:133)&#xD;
	at com.kms.katalon.core.main.TestSuiteExecutor.accessTestSuiteMainPhase(TestSuiteExecutor.java:116)&#xD;
	at com.kms.katalon.core.main.TestSuiteExecutor.execute(TestSuiteExecutor.java:83)&#xD;
	at com.kms.katalon.core.main.TestCaseMain.startTestSuite(TestCaseMain.java:157)&#xD;
	at com.kms.katalon.core.main.TestCaseMain$startTestSuite$0.call(Unknown Source)&#xD;
	at TempTestSuite1563512592090.run(TempTestSuite1563512592090.groovy:35)&#xD;
Caused by: com.kms.katalon.core.webui.exception.WebElementNotFoundException: Web element with id: 'Object Repository/ARMORDashboard/DashboardLabel/RackDetail/button_Sensor_Refresh' located by 'By.xpath: //div[@id='mon-ov-node-sdr']/div/div/div/div/button' not found&#xD;
	at com.kms.katalon.core.webui.common.WebUiCommonHelper.findWebElement(WebUiCommonHelper.java:1097)&#xD;
	at com.kms.katalon.core.webui.keyword.internal.WebUIAbstractKeyword.findWebElement(WebUIAbstractKeyword.groovy:27)&#xD;
	at com.kms.katalon.core.webui.keyword.internal.WebUIAbstractKeyword.findWebElement(WebUIAbstractKeyword.groovy:26)&#xD;
	at com.kms.katalon.core.webui.keyword.builtin.ScrollToElementKeyword$_scrollToElement_closure1.doCall(ScrollToElementKeyword.groovy:79)&#xD;
	at com.kms.katalon.core.webui.keyword.builtin.ScrollToElementKeyword$_scrollToElement_closure1.call(ScrollToElementKeyword.groovy)&#xD;
	at com.kms.katalon.core.webui.keyword.internal.WebUIKeywordMain.runKeyword(WebUIKeywordMain.groovy:20)&#xD;
	at com.kms.katalon.core.webui.keyword.builtin.ScrollToElementKeyword.scrollToElement(ScrollToElementKeyword.groovy:88)&#xD;
	at com.kms.katalon.core.webui.keyword.builtin.ScrollToElementKeyword.execute(ScrollToElementKeyword.groovy:68)&#xD;
	at com.kms.katalon.core.keyword.internal.KeywordExecutor.executeKeywordForPlatform(KeywordExecutor.groovy:56)&#xD;
	at com.kms.katalon.core.webui.keyword.WebUiBuiltInKeywords.scrollToElement(WebUiBuiltInKeywords.groovy:2975)&#xD;
	at com.kms.katalon.core.webui.keyword.WebUiBuiltInKeywords$scrollToElement$16.call(Unknown Source)&#xD;
	at Script1562915977383.smartWaitClickableAndClick(Script1562915977383.groovy:358)&#xD;
	at Script1562915977383$smartWaitClickableAndClick.callCurrent(Unknown Source)&#xD;
	at Script1562915977383.run(Script1562915977383.groovy:246)&#xD;
	... 13 more&#xD;
)&#xD;
&#xD;
2019-07-19 13:13:10 - [MESSAGE][INFO] - Unable to find the element located by 'By.xpath: //div[@id='mon-ov-node-sdr']/div/div/div/div/button'. Please recheck the objects properties to make sure the desired element is located. &#xD;
&#xD;
2019-07-19 13:13:10 - [MESSAGE][FAILED] - Unable to scroll to object 'Object Repository/ARMORDashboard/DashboardLabel/RackDetail/button_Sensor_Refresh' (Root cause: com.kms.katalon.core.exception.StepFailedException: Unable to scroll to object 'Object Repository/ARMORDashboard/DashboardLabel/RackDetail/button_Sensor_Refresh'&#xD;
	at com.kms.katalon.core.webui.keyword.internal.WebUIKeywordMain.stepFailed(WebUIKeywordMain.groovy:64)&#xD;
	at com.kms.katalon.core.webui.keyword.internal.WebUIKeywordMain.runKeyword(WebUIKeywordMain.groovy:26)&#xD;
	at com.kms.katalon.core.webui.keyword.builtin.ScrollToElementKeyword.scrollToElement(ScrollToElementKeyword.groovy:88)&#xD;
	at com.kms.katalon.core.webui.keyword.builtin.ScrollToElementKeyword.execute(ScrollToElementKeyword.groovy:68)&#xD;
	at com.kms.katalon.core.keyword.internal.KeywordExecutor.executeKeywordForPlatform(KeywordExecutor.groovy:56)&#xD;
	at com.kms.katalon.core.webui.keyword.WebUiBuiltInKeywords.scrollToElement(WebUiBuiltInKeywords.groovy:2975)&#xD;
	at com.kms.katalon.core.webui.keyword.WebUiBuiltInKeywords$scrollToElement$16.call(Unknown Source)&#xD;
	at ARMORDashboard.smartWaitClickableAndClick(ARMORDashboard:358)&#xD;
	at Script1562915977383$smartWaitClickableAndClick.callCurrent(Unknown Source)&#xD;
	at ARMORDashboard.run(ARMORDashboard:246)&#xD;
	at com.kms.katalon.core.main.ScriptEngine.run(ScriptEngine.java:194)&#xD;
	at com.kms.katalon.core.main.ScriptEngine.runScriptAsRawText(ScriptEngine.java:119)&#xD;
	at com.kms.katalon.core.main.TestCaseExecutor.runScript(TestCaseExecutor.java:337)&#xD;
	at com.kms.katalon.core.main.TestCaseExecutor.doExecute(TestCaseExecutor.java:328)&#xD;
	at com.kms.katalon.core.main.TestCaseExecutor.processExecutionPhase(TestCaseExecutor.java:307)&#xD;
	at com.kms.katalon.core.main.TestCaseExecutor.accessMainPhase(TestCaseExecutor.java:299)&#xD;
	at com.kms.katalon.core.main.TestCaseExecutor.execute(TestCaseExecutor.java:233)&#xD;
	at com.kms.katalon.core.main.TestSuiteExecutor.accessTestCaseMainPhase(TestSuiteExecutor.java:133)&#xD;
	at com.kms.katalon.core.main.TestSuiteExecutor.accessTestSuiteMainPhase(TestSuiteExecutor.java:116)&#xD;
	at com.kms.katalon.core.main.TestSuiteExecutor.execute(TestSuiteExecutor.java:83)&#xD;
	at com.kms.katalon.core.main.TestCaseMain.startTestSuite(TestCaseMain.java:157)&#xD;
	at com.kms.katalon.core.main.TestCaseMain$startTestSuite$0.call(Unknown Source)&#xD;
	at TempTestSuite1563512592090.run(TempTestSuite1563512592090.groovy:35)&#xD;
Caused by: com.kms.katalon.core.webui.exception.WebElementNotFoundException: Web element with id: 'Object Repository/ARMORDashboard/DashboardLabel/RackDetail/button_Sensor_Refresh' located by 'By.xpath: //div[@id='mon-ov-node-sdr']/div/div/div/div/button' not found&#xD;
	at com.kms.katalon.core.webui.common.WebUiCommonHelper.findWebElement(WebUiCommonHelper.java:1097)&#xD;
	at com.kms.katalon.core.webui.keyword.internal.WebUIAbstractKeyword.findWebElement(WebUIAbstractKeyword.groovy:27)&#xD;
	at com.kms.katalon.core.webui.keyword.internal.WebUIAbstractKeyword.findWebElement(WebUIAbstractKeyword.groovy:26)&#xD;
	at com.kms.katalon.core.webui.keyword.builtin.ScrollToElementKeyword$_scrollToElement_closure1.doCall(ScrollToElementKeyword.groovy:79)&#xD;
	at com.kms.katalon.core.webui.keyword.builtin.ScrollToElementKeyword$_scrollToElement_closure1.call(ScrollToElementKeyword.groovy)&#xD;
	at com.kms.katalon.core.webui.keyword.internal.WebUIKeywordMain.runKeyword(WebUIKeywordMain.groovy:20)&#xD;
	at com.kms.katalon.core.webui.keyword.builtin.ScrollToElementKeyword.scrollToElement(ScrollToElementKeyword.groovy:88)&#xD;
	at com.kms.katalon.core.webui.keyword.builtin.ScrollToElementKeyword.execute(ScrollToElementKeyword.groovy:68)&#xD;
	at com.kms.katalon.core.keyword.internal.KeywordExecutor.executeKeywordForPlatform(KeywordExecutor.groovy:56)&#xD;
	at com.kms.katalon.core.webui.keyword.WebUiBuiltInKeywords.scrollToElement(WebUiBuiltInKeywords.groovy:2975)&#xD;
	at com.kms.katalon.core.webui.keyword.WebUiBuiltInKeywords$scrollToElement$16.call(Unknown Source)&#xD;
	at Script1562915977383.smartWaitClickableAndClick(Script1562915977383.groovy:358)&#xD;
	at Script1562915977383$smartWaitClickableAndClick.callCurrent(Unknown Source)&#xD;
	at Script1562915977383.run(Script1562915977383.groovy:246)&#xD;
	... 13 more&#xD;
)&#xD;
[[ATTACHMENT|C:\\final_merge\\Reports\\list_dashboard\\20190719_130311\\1563513190051.png]]</system-out>
            <system-err>2019-07-19 13:04:20 - [TEST_CASE][FAILED] - Test Cases/ARMORDashboard: Test Cases/ARMORDashboard FAILED.
Reason:
com.kms.katalon.core.exception.StepFailedException: Element  was never found&#xD;
	at com.kms.katalon.core.util.KeywordUtil.markFailed(KeywordUtil.java:19)&#xD;
	at com.kms.katalon.core.util.KeywordUtil$markFailed.call(Unknown Source)&#xD;
	at ARMORDashboard.smartWaitClickableAndClick(ARMORDashboard:379)&#xD;
	at Script1562915977383$smartWaitClickableAndClick.callCurrent(Unknown Source)&#xD;
	at ARMORDashboard.run(ARMORDashboard:245)&#xD;
	at com.kms.katalon.core.main.ScriptEngine.run(ScriptEngine.java:194)&#xD;
	at com.kms.katalon.core.main.ScriptEngine.runScriptAsRawText(ScriptEngine.java:119)&#xD;
	at com.kms.katalon.core.main.TestCaseExecutor.runScript(TestCaseExecutor.java:337)&#xD;
	at com.kms.katalon.core.main.TestCaseExecutor.doExecute(TestCaseExecutor.java:328)&#xD;
	at com.kms.katalon.core.main.TestCaseExecutor.processExecutionPhase(TestCaseExecutor.java:307)&#xD;
	at com.kms.katalon.core.main.TestCaseExecutor.accessMainPhase(TestCaseExecutor.java:299)&#xD;
	at com.kms.katalon.core.main.TestCaseExecutor.execute(TestCaseExecutor.java:233)&#xD;
	at com.kms.katalon.core.main.TestSuiteExecutor.accessTestCaseMainPhase(TestSuiteExecutor.java:133)&#xD;
	at com.kms.katalon.core.main.TestSuiteExecutor.accessTestSuiteMainPhase(TestSuiteExecutor.java:116)&#xD;
	at com.kms.katalon.core.main.TestSuiteExecutor.execute(TestSuiteExecutor.java:83)&#xD;
	at com.kms.katalon.core.main.TestCaseMain.startTestSuite(TestCaseMain.java:157)&#xD;
	at com.kms.katalon.core.main.TestCaseMain$startTestSuite$0.call(Unknown Source)&#xD;
	at TempTestSuite1563512592090.run(TempTestSuite1563512592090.groovy:35)</system-err>
        </testcase>
        <system-out>2019-07-19 13:03:23 - [TEST_SUITE][INCOMPLETE] - list_dashboard: null</system-out>
        <system-err>2019-07-19 13:03:23 - [TEST_SUITE][INCOMPLETE] - list_dashboard: null</system-err>
    </testsuite>
</testsuites>
